<?xml version="1.0" encoding="UTF-8"?>
<testExecutions version="1">
  <file path="/Users/mac/Work/kpmg/investment-management/src/__tests__/components/investment/dashboard/TableComponent.test.tsx">
    <testCase name="handleDropdown should return an array of options based on the status, isChecker, locked, and permissions parameters" duration="6"/>
    <testCase name="handleDropdown should filter out &quot;deactivate&quot; and &quot;activate&quot; options if user does not have &quot;CREATE_PRODUCT&quot; permission" duration="9"/>
    <testCase name="handleDropdown should filter out &quot;modify&quot; option if user does not have &quot;CREATE_PRODUCT&quot; permission and is not a checker" duration="2"/>
    <testCase name="handleDropdown should return an array with only &quot;view&quot; option if locked parameter is true and &quot;view&quot; option exists" duration="1"/>
    <testCase name="handleDropdown should return an empty array if locked parameter is true and &quot;view&quot; option does not exist" duration="1"/>
    <testCase name="handleDropdown should return an array with only &quot;view&quot; option if isChecker parameter is true and &quot;view&quot; option exists" duration="33"/>
    <testCase name="handleHeaders should filter out &apos;created_by&apos; when isChecker is true" duration="36">
      <failure message="Error: expect(received).toEqual(expected) // deep equality"><![CDATA[Error: expect(received).toEqual(expected) // deep equality

- Expected  - 0
+ Received  + 3

  Array [
    Object {
+     "key": "created_by",
+   },
+   Object {
      "key": "other_key",
    },
  ]
    at Object.<anonymous> (/Users/mac/Work/kpmg/investment-management/src/__tests__/components/investment/dashboard/TableComponent.test.tsx:194:20)
    at Promise.then.completed (/Users/mac/Work/kpmg/investment-management/node_modules/jest-circus/build/utils.js:391:28)
    at new Promise (<anonymous>)
    at callAsyncCircusFn (/Users/mac/Work/kpmg/investment-management/node_modules/jest-circus/build/utils.js:316:10)
    at _callCircusTest (/Users/mac/Work/kpmg/investment-management/node_modules/jest-circus/build/run.js:218:40)
    at processTicksAndRejections (node:internal/process/task_queues:95:5)
    at _runTest (/Users/mac/Work/kpmg/investment-management/node_modules/jest-circus/build/run.js:155:3)
    at _runTestsForDescribeBlock (/Users/mac/Work/kpmg/investment-management/node_modules/jest-circus/build/run.js:66:9)
    at _runTestsForDescribeBlock (/Users/mac/Work/kpmg/investment-management/node_modules/jest-circus/build/run.js:60:9)
    at run (/Users/mac/Work/kpmg/investment-management/node_modules/jest-circus/build/run.js:25:3)
    at runAndTransformResultsToJestFormat (/Users/mac/Work/kpmg/investment-management/node_modules/jest-circus/build/legacy-code-todo-rewrite/jestAdapterInit.js:170:21)
    at jestAdapter (/Users/mac/Work/kpmg/investment-management/node_modules/jest-circus/build/legacy-code-todo-rewrite/jestAdapter.js:82:19)
    at runTestInternal (/Users/mac/Work/kpmg/investment-management/node_modules/jest-runner/build/runTest.js:389:16)
    at runTest (/Users/mac/Work/kpmg/investment-management/node_modules/jest-runner/build/runTest.js:475:34)
    at Object.worker (/Users/mac/Work/kpmg/investment-management/node_modules/jest-runner/build/testWorker.js:133:12)]]></failure>
    </testCase>
    <testCase name="handleHeaders should filter out &apos;approved_By&apos; when isChecker is false" duration="6">
      <failure message="Error: expect(received).toEqual(expected) // deep equality"><![CDATA[Error: expect(received).toEqual(expected) // deep equality

- Expected  - 0
+ Received  + 3

  Array [
    Object {
+     "key": "approved_By",
+   },
+   Object {
      "key": "other_key",
    },
  ]
    at Object.<anonymous> (/Users/mac/Work/kpmg/investment-management/src/__tests__/components/investment/dashboard/TableComponent.test.tsx:203:20)
    at Promise.then.completed (/Users/mac/Work/kpmg/investment-management/node_modules/jest-circus/build/utils.js:391:28)
    at new Promise (<anonymous>)
    at callAsyncCircusFn (/Users/mac/Work/kpmg/investment-management/node_modules/jest-circus/build/utils.js:316:10)
    at _callCircusTest (/Users/mac/Work/kpmg/investment-management/node_modules/jest-circus/build/run.js:218:40)
    at processTicksAndRejections (node:internal/process/task_queues:95:5)
    at _runTest (/Users/mac/Work/kpmg/investment-management/node_modules/jest-circus/build/run.js:155:3)
    at _runTestsForDescribeBlock (/Users/mac/Work/kpmg/investment-management/node_modules/jest-circus/build/run.js:66:9)
    at _runTestsForDescribeBlock (/Users/mac/Work/kpmg/investment-management/node_modules/jest-circus/build/run.js:60:9)
    at run (/Users/mac/Work/kpmg/investment-management/node_modules/jest-circus/build/run.js:25:3)
    at runAndTransformResultsToJestFormat (/Users/mac/Work/kpmg/investment-management/node_modules/jest-circus/build/legacy-code-todo-rewrite/jestAdapterInit.js:170:21)
    at jestAdapter (/Users/mac/Work/kpmg/investment-management/node_modules/jest-circus/build/legacy-code-todo-rewrite/jestAdapter.js:82:19)
    at runTestInternal (/Users/mac/Work/kpmg/investment-management/node_modules/jest-runner/build/runTest.js:389:16)
    at runTest (/Users/mac/Work/kpmg/investment-management/node_modules/jest-runner/build/runTest.js:475:34)
    at Object.worker (/Users/mac/Work/kpmg/investment-management/node_modules/jest-runner/build/testWorker.js:133:12)]]></failure>
    </testCase>
    <testCase name="handleDownload should generate CSV for requests category" duration="9"/>
    <testCase name="handleDownload should generate CSV for product category" duration="2"/>
    <testCase name="handleDownload should not generate CSV if downloadData is empty" duration="29"/>
  </file>
  <file path="/Users/mac/Work/kpmg/investment-management/src/__tests__/forms/Checkbox.test.tsx">
    <testCase name="Checkbox renders without crashing" duration="77"/>
    <testCase name="Checkbox matches snapshot" duration="74">
      <failure message="Error: expect([38;2;0;95;95m[48;2;215;255;255mreceived).toMatchSnapshot()"><![CDATA[Error: expect([38;2;0;95;95m[48;2;215;255;255mreceived).toMatchSnapshot()

Snapshot name: `Checkbox matches snapshot 1`

[38;2;128;0;128m[48;2;255;215;255m- Snapshot  - 1
[38;2;0;95;95m[48;2;215;255;255m+ Received  + 3

@@ -6,11 +6,13 @@
        <input
          class="accent-sterling-red-800"
          data-testid="Test"
          type="checkbox"
        />
[38;2;128;0;128m[48;2;255;215;255m-       <span>
[38;2;0;95;95m[48;2;215;255;255m+       <span
[38;2;0;95;95m[48;2;215;255;255m+         class="whitespace-nowrap"
[38;2;0;95;95m[48;2;215;255;255m+       >
          Test
        </span>
      </label>
    </div>
  </DocumentFragment>
    at Object.<anonymous> (/Users/mac/Work/kpmg/investment-management/src/__tests__/forms/Checkbox.test.tsx:14:26)
    at Promise.then.completed (/Users/mac/Work/kpmg/investment-management/node_modules/jest-circus/build/utils.js:391:28)
    at new Promise (<anonymous>)
    at callAsyncCircusFn (/Users/mac/Work/kpmg/investment-management/node_modules/jest-circus/build/utils.js:316:10)
    at _callCircusTest (/Users/mac/Work/kpmg/investment-management/node_modules/jest-circus/build/run.js:218:40)
    at processTicksAndRejections (node:internal/process/task_queues:95:5)
    at _runTest (/Users/mac/Work/kpmg/investment-management/node_modules/jest-circus/build/run.js:155:3)
    at _runTestsForDescribeBlock (/Users/mac/Work/kpmg/investment-management/node_modules/jest-circus/build/run.js:66:9)
    at _runTestsForDescribeBlock (/Users/mac/Work/kpmg/investment-management/node_modules/jest-circus/build/run.js:60:9)
    at run (/Users/mac/Work/kpmg/investment-management/node_modules/jest-circus/build/run.js:25:3)
    at runAndTransformResultsToJestFormat (/Users/mac/Work/kpmg/investment-management/node_modules/jest-circus/build/legacy-code-todo-rewrite/jestAdapterInit.js:170:21)
    at jestAdapter (/Users/mac/Work/kpmg/investment-management/node_modules/jest-circus/build/legacy-code-todo-rewrite/jestAdapter.js:82:19)
    at runTestInternal (/Users/mac/Work/kpmg/investment-management/node_modules/jest-runner/build/runTest.js:389:16)
    at runTest (/Users/mac/Work/kpmg/investment-management/node_modules/jest-runner/build/runTest.js:475:34)
    at Object.worker (/Users/mac/Work/kpmg/investment-management/node_modules/jest-runner/build/testWorker.js:133:12)]]></failure>
    </testCase>
    <testCase name="Checkbox displays the label" duration="42"/>
    <testCase name="Checkbox initially renders unchecked" duration="19"/>
    <testCase name="Checkbox renders checked when checked prop is true" duration="149"/>
    <testCase name="Checkbox calls onChange when clicked" duration="13"/>
    <testCase name="Checkbox should not call onChange if not provided when handleChange is invoked" duration="50"/>
  </file>
  <file path="/Users/mac/Work/kpmg/investment-management/src/__tests__/components/table/index.test.tsx">
    <testCase name="setOptionsByStatus should return &quot;inactive&quot; when status is &quot;P&quot;" duration="7">
      <failure message="TypeError: (0 , _table.setOptionsByStatus) is not a function"><![CDATA[TypeError: (0 , _table.setOptionsByStatus) is not a function
    at Object.<anonymous> (/Users/mac/Work/kpmg/investment-management/src/__tests__/components/table/index.test.tsx:30:38)
    at Promise.then.completed (/Users/mac/Work/kpmg/investment-management/node_modules/jest-circus/build/utils.js:391:28)
    at new Promise (<anonymous>)
    at callAsyncCircusFn (/Users/mac/Work/kpmg/investment-management/node_modules/jest-circus/build/utils.js:316:10)
    at _callCircusTest (/Users/mac/Work/kpmg/investment-management/node_modules/jest-circus/build/run.js:218:40)
    at processTicksAndRejections (node:internal/process/task_queues:95:5)
    at _runTest (/Users/mac/Work/kpmg/investment-management/node_modules/jest-circus/build/run.js:155:3)
    at _runTestsForDescribeBlock (/Users/mac/Work/kpmg/investment-management/node_modules/jest-circus/build/run.js:66:9)
    at _runTestsForDescribeBlock (/Users/mac/Work/kpmg/investment-management/node_modules/jest-circus/build/run.js:60:9)
    at run (/Users/mac/Work/kpmg/investment-management/node_modules/jest-circus/build/run.js:25:3)
    at runAndTransformResultsToJestFormat (/Users/mac/Work/kpmg/investment-management/node_modules/jest-circus/build/legacy-code-todo-rewrite/jestAdapterInit.js:170:21)
    at jestAdapter (/Users/mac/Work/kpmg/investment-management/node_modules/jest-circus/build/legacy-code-todo-rewrite/jestAdapter.js:82:19)
    at runTestInternal (/Users/mac/Work/kpmg/investment-management/node_modules/jest-runner/build/runTest.js:389:16)
    at runTest (/Users/mac/Work/kpmg/investment-management/node_modules/jest-runner/build/runTest.js:475:34)
    at Object.worker (/Users/mac/Work/kpmg/investment-management/node_modules/jest-runner/build/testWorker.js:133:12)]]></failure>
    </testCase>
    <testCase name="setOptionsByStatus should return &quot;active&quot; when status is &quot;A&quot;" duration="2">
      <failure message="TypeError: (0 , _table.setOptionsByStatus) is not a function"><![CDATA[TypeError: (0 , _table.setOptionsByStatus) is not a function
    at Object.<anonymous> (/Users/mac/Work/kpmg/investment-management/src/__tests__/components/table/index.test.tsx:37:38)
    at Promise.then.completed (/Users/mac/Work/kpmg/investment-management/node_modules/jest-circus/build/utils.js:391:28)
    at new Promise (<anonymous>)
    at callAsyncCircusFn (/Users/mac/Work/kpmg/investment-management/node_modules/jest-circus/build/utils.js:316:10)
    at _callCircusTest (/Users/mac/Work/kpmg/investment-management/node_modules/jest-circus/build/run.js:218:40)
    at processTicksAndRejections (node:internal/process/task_queues:95:5)
    at _runTest (/Users/mac/Work/kpmg/investment-management/node_modules/jest-circus/build/run.js:155:3)
    at _runTestsForDescribeBlock (/Users/mac/Work/kpmg/investment-management/node_modules/jest-circus/build/run.js:66:9)
    at _runTestsForDescribeBlock (/Users/mac/Work/kpmg/investment-management/node_modules/jest-circus/build/run.js:60:9)
    at run (/Users/mac/Work/kpmg/investment-management/node_modules/jest-circus/build/run.js:25:3)
    at runAndTransformResultsToJestFormat (/Users/mac/Work/kpmg/investment-management/node_modules/jest-circus/build/legacy-code-todo-rewrite/jestAdapterInit.js:170:21)
    at jestAdapter (/Users/mac/Work/kpmg/investment-management/node_modules/jest-circus/build/legacy-code-todo-rewrite/jestAdapter.js:82:19)
    at runTestInternal (/Users/mac/Work/kpmg/investment-management/node_modules/jest-runner/build/runTest.js:389:16)
    at runTest (/Users/mac/Work/kpmg/investment-management/node_modules/jest-runner/build/runTest.js:475:34)
    at Object.worker (/Users/mac/Work/kpmg/investment-management/node_modules/jest-runner/build/testWorker.js:133:12)]]></failure>
    </testCase>
    <testCase name="setOptionsByStatus should return &quot;inactive&quot; when status is &quot;R&quot;" duration="2">
      <failure message="TypeError: (0 , _table.setOptionsByStatus) is not a function"><![CDATA[TypeError: (0 , _table.setOptionsByStatus) is not a function
    at Object.<anonymous> (/Users/mac/Work/kpmg/investment-management/src/__tests__/components/table/index.test.tsx:44:38)
    at Promise.then.completed (/Users/mac/Work/kpmg/investment-management/node_modules/jest-circus/build/utils.js:391:28)
    at new Promise (<anonymous>)
    at callAsyncCircusFn (/Users/mac/Work/kpmg/investment-management/node_modules/jest-circus/build/utils.js:316:10)
    at _callCircusTest (/Users/mac/Work/kpmg/investment-management/node_modules/jest-circus/build/run.js:218:40)
    at processTicksAndRejections (node:internal/process/task_queues:95:5)
    at _runTest (/Users/mac/Work/kpmg/investment-management/node_modules/jest-circus/build/run.js:155:3)
    at _runTestsForDescribeBlock (/Users/mac/Work/kpmg/investment-management/node_modules/jest-circus/build/run.js:66:9)
    at _runTestsForDescribeBlock (/Users/mac/Work/kpmg/investment-management/node_modules/jest-circus/build/run.js:60:9)
    at run (/Users/mac/Work/kpmg/investment-management/node_modules/jest-circus/build/run.js:25:3)
    at runAndTransformResultsToJestFormat (/Users/mac/Work/kpmg/investment-management/node_modules/jest-circus/build/legacy-code-todo-rewrite/jestAdapterInit.js:170:21)
    at jestAdapter (/Users/mac/Work/kpmg/investment-management/node_modules/jest-circus/build/legacy-code-todo-rewrite/jestAdapter.js:82:19)
    at runTestInternal (/Users/mac/Work/kpmg/investment-management/node_modules/jest-runner/build/runTest.js:389:16)
    at runTest (/Users/mac/Work/kpmg/investment-management/node_modules/jest-runner/build/runTest.js:475:34)
    at Object.worker (/Users/mac/Work/kpmg/investment-management/node_modules/jest-runner/build/testWorker.js:133:12)]]></failure>
    </testCase>
    <testCase name="setOptionsByStatus should return &quot;inactive&quot; when status is &quot;D&quot;" duration="1">
      <failure message="TypeError: (0 , _table.setOptionsByStatus) is not a function"><![CDATA[TypeError: (0 , _table.setOptionsByStatus) is not a function
    at Object.<anonymous> (/Users/mac/Work/kpmg/investment-management/src/__tests__/components/table/index.test.tsx:51:38)
    at Promise.then.completed (/Users/mac/Work/kpmg/investment-management/node_modules/jest-circus/build/utils.js:391:28)
    at new Promise (<anonymous>)
    at callAsyncCircusFn (/Users/mac/Work/kpmg/investment-management/node_modules/jest-circus/build/utils.js:316:10)
    at _callCircusTest (/Users/mac/Work/kpmg/investment-management/node_modules/jest-circus/build/run.js:218:40)
    at processTicksAndRejections (node:internal/process/task_queues:95:5)
    at _runTest (/Users/mac/Work/kpmg/investment-management/node_modules/jest-circus/build/run.js:155:3)
    at _runTestsForDescribeBlock (/Users/mac/Work/kpmg/investment-management/node_modules/jest-circus/build/run.js:66:9)
    at _runTestsForDescribeBlock (/Users/mac/Work/kpmg/investment-management/node_modules/jest-circus/build/run.js:60:9)
    at run (/Users/mac/Work/kpmg/investment-management/node_modules/jest-circus/build/run.js:25:3)
    at runAndTransformResultsToJestFormat (/Users/mac/Work/kpmg/investment-management/node_modules/jest-circus/build/legacy-code-todo-rewrite/jestAdapterInit.js:170:21)
    at jestAdapter (/Users/mac/Work/kpmg/investment-management/node_modules/jest-circus/build/legacy-code-todo-rewrite/jestAdapter.js:82:19)
    at runTestInternal (/Users/mac/Work/kpmg/investment-management/node_modules/jest-runner/build/runTest.js:389:16)
    at runTest (/Users/mac/Work/kpmg/investment-management/node_modules/jest-runner/build/runTest.js:475:34)
    at Object.worker (/Users/mac/Work/kpmg/investment-management/node_modules/jest-runner/build/testWorker.js:133:12)]]></failure>
    </testCase>
    <testCase name="setOptionsByStatus should return &quot;inactive&quot; when status is &quot;I&quot;" duration="2">
      <failure message="TypeError: (0 , _table.setOptionsByStatus) is not a function"><![CDATA[TypeError: (0 , _table.setOptionsByStatus) is not a function
    at Object.<anonymous> (/Users/mac/Work/kpmg/investment-management/src/__tests__/components/table/index.test.tsx:58:38)
    at Promise.then.completed (/Users/mac/Work/kpmg/investment-management/node_modules/jest-circus/build/utils.js:391:28)
    at new Promise (<anonymous>)
    at callAsyncCircusFn (/Users/mac/Work/kpmg/investment-management/node_modules/jest-circus/build/utils.js:316:10)
    at _callCircusTest (/Users/mac/Work/kpmg/investment-management/node_modules/jest-circus/build/run.js:218:40)
    at processTicksAndRejections (node:internal/process/task_queues:95:5)
    at _runTest (/Users/mac/Work/kpmg/investment-management/node_modules/jest-circus/build/run.js:155:3)
    at _runTestsForDescribeBlock (/Users/mac/Work/kpmg/investment-management/node_modules/jest-circus/build/run.js:66:9)
    at _runTestsForDescribeBlock (/Users/mac/Work/kpmg/investment-management/node_modules/jest-circus/build/run.js:60:9)
    at run (/Users/mac/Work/kpmg/investment-management/node_modules/jest-circus/build/run.js:25:3)
    at runAndTransformResultsToJestFormat (/Users/mac/Work/kpmg/investment-management/node_modules/jest-circus/build/legacy-code-todo-rewrite/jestAdapterInit.js:170:21)
    at jestAdapter (/Users/mac/Work/kpmg/investment-management/node_modules/jest-circus/build/legacy-code-todo-rewrite/jestAdapter.js:82:19)
    at runTestInternal (/Users/mac/Work/kpmg/investment-management/node_modules/jest-runner/build/runTest.js:389:16)
    at runTest (/Users/mac/Work/kpmg/investment-management/node_modules/jest-runner/build/runTest.js:475:34)
    at Object.worker (/Users/mac/Work/kpmg/investment-management/node_modules/jest-runner/build/testWorker.js:133:12)]]></failure>
    </testCase>
    <testCase name="setOptionsByStatus should return status if not available" duration="1">
      <failure message="TypeError: (0 , _table.setOptionsByStatus) is not a function"><![CDATA[TypeError: (0 , _table.setOptionsByStatus) is not a function
    at Object.<anonymous> (/Users/mac/Work/kpmg/investment-management/src/__tests__/components/table/index.test.tsx:64:38)
    at Promise.then.completed (/Users/mac/Work/kpmg/investment-management/node_modules/jest-circus/build/utils.js:391:28)
    at new Promise (<anonymous>)
    at callAsyncCircusFn (/Users/mac/Work/kpmg/investment-management/node_modules/jest-circus/build/utils.js:316:10)
    at _callCircusTest (/Users/mac/Work/kpmg/investment-management/node_modules/jest-circus/build/run.js:218:40)
    at processTicksAndRejections (node:internal/process/task_queues:95:5)
    at _runTest (/Users/mac/Work/kpmg/investment-management/node_modules/jest-circus/build/run.js:155:3)
    at _runTestsForDescribeBlock (/Users/mac/Work/kpmg/investment-management/node_modules/jest-circus/build/run.js:66:9)
    at _runTestsForDescribeBlock (/Users/mac/Work/kpmg/investment-management/node_modules/jest-circus/build/run.js:60:9)
    at run (/Users/mac/Work/kpmg/investment-management/node_modules/jest-circus/build/run.js:25:3)
    at runAndTransformResultsToJestFormat (/Users/mac/Work/kpmg/investment-management/node_modules/jest-circus/build/legacy-code-todo-rewrite/jestAdapterInit.js:170:21)
    at jestAdapter (/Users/mac/Work/kpmg/investment-management/node_modules/jest-circus/build/legacy-code-todo-rewrite/jestAdapter.js:82:19)
    at runTestInternal (/Users/mac/Work/kpmg/investment-management/node_modules/jest-runner/build/runTest.js:389:16)
    at runTest (/Users/mac/Work/kpmg/investment-management/node_modules/jest-runner/build/runTest.js:475:34)
    at Object.worker (/Users/mac/Work/kpmg/investment-management/node_modules/jest-runner/build/testWorker.js:133:12)]]></failure>
    </testCase>
    <testCase name="handleProductsDropdown should return an array of dropdown options based on the status parameter" duration="2">
      <failure message="TypeError: Cannot read properties of undefined (reading &apos;filter&apos;)"><![CDATA[TypeError: Cannot read properties of undefined (reading 'filter')
    at handleProductsDropdown (/Users/mac/Work/kpmg/investment-management/src/components/table/index.tsx:73:25)
    at Object.<anonymous> (/Users/mac/Work/kpmg/investment-management/src/__tests__/components/table/index.test.tsx:89:42)
    at Promise.then.completed (/Users/mac/Work/kpmg/investment-management/node_modules/jest-circus/build/utils.js:391:28)
    at new Promise (<anonymous>)
    at callAsyncCircusFn (/Users/mac/Work/kpmg/investment-management/node_modules/jest-circus/build/utils.js:316:10)
    at _callCircusTest (/Users/mac/Work/kpmg/investment-management/node_modules/jest-circus/build/run.js:218:40)
    at processTicksAndRejections (node:internal/process/task_queues:95:5)
    at _runTest (/Users/mac/Work/kpmg/investment-management/node_modules/jest-circus/build/run.js:155:3)
    at _runTestsForDescribeBlock (/Users/mac/Work/kpmg/investment-management/node_modules/jest-circus/build/run.js:66:9)
    at _runTestsForDescribeBlock (/Users/mac/Work/kpmg/investment-management/node_modules/jest-circus/build/run.js:60:9)
    at run (/Users/mac/Work/kpmg/investment-management/node_modules/jest-circus/build/run.js:25:3)
    at runAndTransformResultsToJestFormat (/Users/mac/Work/kpmg/investment-management/node_modules/jest-circus/build/legacy-code-todo-rewrite/jestAdapterInit.js:170:21)
    at jestAdapter (/Users/mac/Work/kpmg/investment-management/node_modules/jest-circus/build/legacy-code-todo-rewrite/jestAdapter.js:82:19)
    at runTestInternal (/Users/mac/Work/kpmg/investment-management/node_modules/jest-runner/build/runTest.js:389:16)
    at runTest (/Users/mac/Work/kpmg/investment-management/node_modules/jest-runner/build/runTest.js:475:34)
    at Object.worker (/Users/mac/Work/kpmg/investment-management/node_modules/jest-runner/build/testWorker.js:133:12)]]></failure>
    </testCase>
    <testCase name="handleProductsDropdown should filter out options based on the isChecker parameter" duration="5">
      <failure message="TypeError: (0 , _table.setOptionsByStatus) is not a function"><![CDATA[TypeError: (0 , _table.setOptionsByStatus) is not a function
    at Object.<anonymous> (/Users/mac/Work/kpmg/investment-management/src/__tests__/components/table/index.test.tsx:130:41)
    at Promise.then.completed (/Users/mac/Work/kpmg/investment-management/node_modules/jest-circus/build/utils.js:391:28)
    at new Promise (<anonymous>)
    at callAsyncCircusFn (/Users/mac/Work/kpmg/investment-management/node_modules/jest-circus/build/utils.js:316:10)
    at _callCircusTest (/Users/mac/Work/kpmg/investment-management/node_modules/jest-circus/build/run.js:218:40)
    at processTicksAndRejections (node:internal/process/task_queues:95:5)
    at _runTest (/Users/mac/Work/kpmg/investment-management/node_modules/jest-circus/build/run.js:155:3)
    at _runTestsForDescribeBlock (/Users/mac/Work/kpmg/investment-management/node_modules/jest-circus/build/run.js:66:9)
    at _runTestsForDescribeBlock (/Users/mac/Work/kpmg/investment-management/node_modules/jest-circus/build/run.js:60:9)
    at run (/Users/mac/Work/kpmg/investment-management/node_modules/jest-circus/build/run.js:25:3)
    at runAndTransformResultsToJestFormat (/Users/mac/Work/kpmg/investment-management/node_modules/jest-circus/build/legacy-code-todo-rewrite/jestAdapterInit.js:170:21)
    at jestAdapter (/Users/mac/Work/kpmg/investment-management/node_modules/jest-circus/build/legacy-code-todo-rewrite/jestAdapter.js:82:19)
    at runTestInternal (/Users/mac/Work/kpmg/investment-management/node_modules/jest-runner/build/runTest.js:389:16)
    at runTest (/Users/mac/Work/kpmg/investment-management/node_modules/jest-runner/build/runTest.js:475:34)
    at Object.worker (/Users/mac/Work/kpmg/investment-management/node_modules/jest-runner/build/testWorker.js:133:12)]]></failure>
    </testCase>
    <testCase name="handleProductsDropdown should filter out options based on the permissions parameter" duration="1">
      <failure message="TypeError: Cannot read properties of undefined (reading &apos;filter&apos;)"><![CDATA[TypeError: Cannot read properties of undefined (reading 'filter')
    at handleProductsDropdown (/Users/mac/Work/kpmg/investment-management/src/components/table/index.tsx:73:25)
    at Object.<anonymous> (/Users/mac/Work/kpmg/investment-management/src/__tests__/components/table/index.test.tsx:155:42)
    at Promise.then.completed (/Users/mac/Work/kpmg/investment-management/node_modules/jest-circus/build/utils.js:391:28)
    at new Promise (<anonymous>)
    at callAsyncCircusFn (/Users/mac/Work/kpmg/investment-management/node_modules/jest-circus/build/utils.js:316:10)
    at _callCircusTest (/Users/mac/Work/kpmg/investment-management/node_modules/jest-circus/build/run.js:218:40)
    at processTicksAndRejections (node:internal/process/task_queues:95:5)
    at _runTest (/Users/mac/Work/kpmg/investment-management/node_modules/jest-circus/build/run.js:155:3)
    at _runTestsForDescribeBlock (/Users/mac/Work/kpmg/investment-management/node_modules/jest-circus/build/run.js:66:9)
    at _runTestsForDescribeBlock (/Users/mac/Work/kpmg/investment-management/node_modules/jest-circus/build/run.js:60:9)
    at run (/Users/mac/Work/kpmg/investment-management/node_modules/jest-circus/build/run.js:25:3)
    at runAndTransformResultsToJestFormat (/Users/mac/Work/kpmg/investment-management/node_modules/jest-circus/build/legacy-code-todo-rewrite/jestAdapterInit.js:170:21)
    at jestAdapter (/Users/mac/Work/kpmg/investment-management/node_modules/jest-circus/build/legacy-code-todo-rewrite/jestAdapter.js:82:19)
    at runTestInternal (/Users/mac/Work/kpmg/investment-management/node_modules/jest-runner/build/runTest.js:389:16)
    at runTest (/Users/mac/Work/kpmg/investment-management/node_modules/jest-runner/build/runTest.js:475:34)
    at Object.worker (/Users/mac/Work/kpmg/investment-management/node_modules/jest-runner/build/testWorker.js:133:12)]]></failure>
    </testCase>
    <testCase name="TableComponent should render a table with headers and rows" duration="136">
      <failure message="TypeError: (0 , _reactRouterDom.useNavigate) is not a function"><![CDATA[TypeError: (0 , _reactRouterDom.useNavigate) is not a function
    at TableComponent (/Users/mac/Work/kpmg/investment-management/src/components/table/index.tsx:156:31)
    at renderWithHooks (/Users/mac/Work/kpmg/investment-management/node_modules/react-dom/cjs/react-dom.development.js:14985:18)
    at mountIndeterminateComponent (/Users/mac/Work/kpmg/investment-management/node_modules/react-dom/cjs/react-dom.development.js:17811:13)
    at beginWork (/Users/mac/Work/kpmg/investment-management/node_modules/react-dom/cjs/react-dom.development.js:19049:16)
    at HTMLUnknownElement.callCallback (/Users/mac/Work/kpmg/investment-management/node_modules/react-dom/cjs/react-dom.development.js:3945:14)
    at HTMLUnknownElement.callTheUserObjectsOperation (/Users/mac/Work/kpmg/investment-management/node_modules/jsdom/lib/jsdom/living/generated/EventListener.js:26:30)
    at innerInvokeEventListeners (/Users/mac/Work/kpmg/investment-management/node_modules/jsdom/lib/jsdom/living/events/EventTarget-impl.js:338:25)
    at invokeEventListeners (/Users/mac/Work/kpmg/investment-management/node_modules/jsdom/lib/jsdom/living/events/EventTarget-impl.js:274:3)
    at HTMLUnknownElementImpl._dispatch (/Users/mac/Work/kpmg/investment-management/node_modules/jsdom/lib/jsdom/living/events/EventTarget-impl.js:221:9)
    at HTMLUnknownElementImpl.dispatchEvent (/Users/mac/Work/kpmg/investment-management/node_modules/jsdom/lib/jsdom/living/events/EventTarget-impl.js:94:17)
    at HTMLUnknownElement.dispatchEvent (/Users/mac/Work/kpmg/investment-management/node_modules/jsdom/lib/jsdom/living/generated/EventTarget.js:231:34)
    at Object.invokeGuardedCallbackDev (/Users/mac/Work/kpmg/investment-management/node_modules/react-dom/cjs/react-dom.development.js:3994:16)
    at invokeGuardedCallback (/Users/mac/Work/kpmg/investment-management/node_modules/react-dom/cjs/react-dom.development.js:4056:31)
    at beginWork$1 (/Users/mac/Work/kpmg/investment-management/node_modules/react-dom/cjs/react-dom.development.js:23964:7)
    at performUnitOfWork (/Users/mac/Work/kpmg/investment-management/node_modules/react-dom/cjs/react-dom.development.js:22779:12)
    at workLoopSync (/Users/mac/Work/kpmg/investment-management/node_modules/react-dom/cjs/react-dom.development.js:22707:5)
    at renderRootSync (/Users/mac/Work/kpmg/investment-management/node_modules/react-dom/cjs/react-dom.development.js:22670:7)
    at performSyncWorkOnRoot (/Users/mac/Work/kpmg/investment-management/node_modules/react-dom/cjs/react-dom.development.js:22293:18)
    at scheduleUpdateOnFiber (/Users/mac/Work/kpmg/investment-management/node_modules/react-dom/cjs/react-dom.development.js:21881:7)
    at updateContainer (/Users/mac/Work/kpmg/investment-management/node_modules/react-dom/cjs/react-dom.development.js:25482:3)
    at /Users/mac/Work/kpmg/investment-management/node_modules/react-dom/cjs/react-dom.development.js:26021:7
    at unbatchedUpdates (/Users/mac/Work/kpmg/investment-management/node_modules/react-dom/cjs/react-dom.development.js:22431:12)
    at legacyRenderSubtreeIntoContainer (/Users/mac/Work/kpmg/investment-management/node_modules/react-dom/cjs/react-dom.development.js:26020:5)
    at Object.render (/Users/mac/Work/kpmg/investment-management/node_modules/react-dom/cjs/react-dom.development.js:26103:10)
    at /Users/mac/Work/kpmg/investment-management/node_modules/@testing-library/react/dist/pure.js:101:25
    at batchedUpdates$1 (/Users/mac/Work/kpmg/investment-management/node_modules/react-dom/cjs/react-dom.development.js:22380:12)
    at act (/Users/mac/Work/kpmg/investment-management/node_modules/react-dom/cjs/react-dom-test-utils.development.js:1042:14)
    at render (/Users/mac/Work/kpmg/investment-management/node_modules/@testing-library/react/dist/pure.js:97:26)
    at Object.<anonymous> (/Users/mac/Work/kpmg/investment-management/src/__tests__/components/table/index.test.tsx:192:11)
    at Promise.then.completed (/Users/mac/Work/kpmg/investment-management/node_modules/jest-circus/build/utils.js:391:28)
    at new Promise (<anonymous>)
    at callAsyncCircusFn (/Users/mac/Work/kpmg/investment-management/node_modules/jest-circus/build/utils.js:316:10)
    at _callCircusTest (/Users/mac/Work/kpmg/investment-management/node_modules/jest-circus/build/run.js:218:40)
    at processTicksAndRejections (node:internal/process/task_queues:95:5)
    at _runTest (/Users/mac/Work/kpmg/investment-management/node_modules/jest-circus/build/run.js:155:3)
    at _runTestsForDescribeBlock (/Users/mac/Work/kpmg/investment-management/node_modules/jest-circus/build/run.js:66:9)
    at _runTestsForDescribeBlock (/Users/mac/Work/kpmg/investment-management/node_modules/jest-circus/build/run.js:60:9)
    at run (/Users/mac/Work/kpmg/investment-management/node_modules/jest-circus/build/run.js:25:3)
    at runAndTransformResultsToJestFormat (/Users/mac/Work/kpmg/investment-management/node_modules/jest-circus/build/legacy-code-todo-rewrite/jestAdapterInit.js:170:21)
    at jestAdapter (/Users/mac/Work/kpmg/investment-management/node_modules/jest-circus/build/legacy-code-todo-rewrite/jestAdapter.js:82:19)
    at runTestInternal (/Users/mac/Work/kpmg/investment-management/node_modules/jest-runner/build/runTest.js:389:16)
    at runTest (/Users/mac/Work/kpmg/investment-management/node_modules/jest-runner/build/runTest.js:475:34)
    at Object.worker (/Users/mac/Work/kpmg/investment-management/node_modules/jest-runner/build/testWorker.js:133:12)]]></failure>
    </testCase>
    <testCase name="TableComponent should display a loading indicator when data is being fetched" duration="42">
      <failure message="TypeError: (0 , _reactRouterDom.useNavigate) is not a function"><![CDATA[TypeError: (0 , _reactRouterDom.useNavigate) is not a function
    at TableComponent (/Users/mac/Work/kpmg/investment-management/src/components/table/index.tsx:156:31)
    at renderWithHooks (/Users/mac/Work/kpmg/investment-management/node_modules/react-dom/cjs/react-dom.development.js:14985:18)
    at mountIndeterminateComponent (/Users/mac/Work/kpmg/investment-management/node_modules/react-dom/cjs/react-dom.development.js:17811:13)
    at beginWork (/Users/mac/Work/kpmg/investment-management/node_modules/react-dom/cjs/react-dom.development.js:19049:16)
    at HTMLUnknownElement.callCallback (/Users/mac/Work/kpmg/investment-management/node_modules/react-dom/cjs/react-dom.development.js:3945:14)
    at HTMLUnknownElement.callTheUserObjectsOperation (/Users/mac/Work/kpmg/investment-management/node_modules/jsdom/lib/jsdom/living/generated/EventListener.js:26:30)
    at innerInvokeEventListeners (/Users/mac/Work/kpmg/investment-management/node_modules/jsdom/lib/jsdom/living/events/EventTarget-impl.js:338:25)
    at invokeEventListeners (/Users/mac/Work/kpmg/investment-management/node_modules/jsdom/lib/jsdom/living/events/EventTarget-impl.js:274:3)
    at HTMLUnknownElementImpl._dispatch (/Users/mac/Work/kpmg/investment-management/node_modules/jsdom/lib/jsdom/living/events/EventTarget-impl.js:221:9)
    at HTMLUnknownElementImpl.dispatchEvent (/Users/mac/Work/kpmg/investment-management/node_modules/jsdom/lib/jsdom/living/events/EventTarget-impl.js:94:17)
    at HTMLUnknownElement.dispatchEvent (/Users/mac/Work/kpmg/investment-management/node_modules/jsdom/lib/jsdom/living/generated/EventTarget.js:231:34)
    at Object.invokeGuardedCallbackDev (/Users/mac/Work/kpmg/investment-management/node_modules/react-dom/cjs/react-dom.development.js:3994:16)
    at invokeGuardedCallback (/Users/mac/Work/kpmg/investment-management/node_modules/react-dom/cjs/react-dom.development.js:4056:31)
    at beginWork$1 (/Users/mac/Work/kpmg/investment-management/node_modules/react-dom/cjs/react-dom.development.js:23964:7)
    at performUnitOfWork (/Users/mac/Work/kpmg/investment-management/node_modules/react-dom/cjs/react-dom.development.js:22779:12)
    at workLoopSync (/Users/mac/Work/kpmg/investment-management/node_modules/react-dom/cjs/react-dom.development.js:22707:5)
    at renderRootSync (/Users/mac/Work/kpmg/investment-management/node_modules/react-dom/cjs/react-dom.development.js:22670:7)
    at performSyncWorkOnRoot (/Users/mac/Work/kpmg/investment-management/node_modules/react-dom/cjs/react-dom.development.js:22293:18)
    at scheduleUpdateOnFiber (/Users/mac/Work/kpmg/investment-management/node_modules/react-dom/cjs/react-dom.development.js:21881:7)
    at updateContainer (/Users/mac/Work/kpmg/investment-management/node_modules/react-dom/cjs/react-dom.development.js:25482:3)
    at /Users/mac/Work/kpmg/investment-management/node_modules/react-dom/cjs/react-dom.development.js:26021:7
    at unbatchedUpdates (/Users/mac/Work/kpmg/investment-management/node_modules/react-dom/cjs/react-dom.development.js:22431:12)
    at legacyRenderSubtreeIntoContainer (/Users/mac/Work/kpmg/investment-management/node_modules/react-dom/cjs/react-dom.development.js:26020:5)
    at Object.render (/Users/mac/Work/kpmg/investment-management/node_modules/react-dom/cjs/react-dom.development.js:26103:10)
    at /Users/mac/Work/kpmg/investment-management/node_modules/@testing-library/react/dist/pure.js:101:25
    at batchedUpdates$1 (/Users/mac/Work/kpmg/investment-management/node_modules/react-dom/cjs/react-dom.development.js:22380:12)
    at act (/Users/mac/Work/kpmg/investment-management/node_modules/react-dom/cjs/react-dom-test-utils.development.js:1042:14)
    at render (/Users/mac/Work/kpmg/investment-management/node_modules/@testing-library/react/dist/pure.js:97:26)
    at Object.<anonymous> (/Users/mac/Work/kpmg/investment-management/src/__tests__/components/table/index.test.tsx:224:11)
    at Promise.then.completed (/Users/mac/Work/kpmg/investment-management/node_modules/jest-circus/build/utils.js:391:28)
    at new Promise (<anonymous>)
    at callAsyncCircusFn (/Users/mac/Work/kpmg/investment-management/node_modules/jest-circus/build/utils.js:316:10)
    at _callCircusTest (/Users/mac/Work/kpmg/investment-management/node_modules/jest-circus/build/run.js:218:40)
    at processTicksAndRejections (node:internal/process/task_queues:95:5)
    at _runTest (/Users/mac/Work/kpmg/investment-management/node_modules/jest-circus/build/run.js:155:3)
    at _runTestsForDescribeBlock (/Users/mac/Work/kpmg/investment-management/node_modules/jest-circus/build/run.js:66:9)
    at _runTestsForDescribeBlock (/Users/mac/Work/kpmg/investment-management/node_modules/jest-circus/build/run.js:60:9)
    at run (/Users/mac/Work/kpmg/investment-management/node_modules/jest-circus/build/run.js:25:3)
    at runAndTransformResultsToJestFormat (/Users/mac/Work/kpmg/investment-management/node_modules/jest-circus/build/legacy-code-todo-rewrite/jestAdapterInit.js:170:21)
    at jestAdapter (/Users/mac/Work/kpmg/investment-management/node_modules/jest-circus/build/legacy-code-todo-rewrite/jestAdapter.js:82:19)
    at runTestInternal (/Users/mac/Work/kpmg/investment-management/node_modules/jest-runner/build/runTest.js:389:16)
    at runTest (/Users/mac/Work/kpmg/investment-management/node_modules/jest-runner/build/runTest.js:475:34)
    at Object.worker (/Users/mac/Work/kpmg/investment-management/node_modules/jest-runner/build/testWorker.js:133:12)]]></failure>
    </testCase>
    <testCase name="TextCellContent renders text content and dot correctly" duration="33"/>
    <testCase name="TextCellContent renders &quot;-&quot; when value is falsy" duration="8"/>
    <testCase name="ProductNameCellContent renders product code correctly" duration="40"/>
    <testCase name="ProductNameCellContent renders &quot;-&quot; when product code is falsy" duration="4"/>
    <testCase name="UpdatedOnCellContent should render the date and time in the correct format" duration="15"/>
    <testCase name="UpdatedOnCellContent should render nothing when value is null or undefined" duration="5"/>
    <testCase name="UpdatedOnCellContent should render nothing when value is not a valid date" duration="11"/>
    <testCase name="UpdatedOnCellContent should render nothing when value is not a string or a date object" duration="26"/>
    <testCase name="UpdatedOnCellContent should render the date and time in the correct format for a different timezone" duration="17"/>
    <testCase name="StateCellContent should render a span element with the given value as its text content" duration="3"/>
    <testCase name="StateCellContent should apply a class to the span element based on the value passed to the function" duration="6"/>
    <testCase name="StatusCellContent should render a span element with the specific class based on the value passed as props" duration="33"/>
    <testCase name="StatusCellContent should call handleUserView function to determine the text content of the span element" duration="5"/>
    <testCase name="StatusCellContent should call handleColorState function to determine the background color of the span element" duration="157"/>
    <testCase name="StatusCellContent should render a span element with the default class and value as text content when the value passed as props does not match any of the cases in handleUserView and handleColorState" duration="5"/>
    <testCase name="StatusCellContent should default the isChecker prop to false if it is not a boolean" duration="21"/>
    <testCase name="StatusCellContent should render a FaEye icon next to the text content" duration="19"/>
    <testCase name="ActionsCellContent should render a DropdownButton component with the given dropDownOptions and onClick props" duration="80"/>
    <testCase name="ActionsCellContent should render a DropdownButton component with empty options when dropDownOptions prop is not provided" duration="325"/>
  </file>
  <file path="/Users/mac/Work/kpmg/investment-management/src/__tests__/components/Breadcrumbs.test.tsx">
    <testCase name="Breadcrumbs renders without crashing" duration="107"/>
    <testCase name="Breadcrumbs matches snapshot" duration="42">
      <failure message="Error: expect([38;2;0;95;95m[48;2;215;255;255mreceived).toMatchSnapshot()"><![CDATA[Error: expect([38;2;0;95;95m[48;2;215;255;255mreceived).toMatchSnapshot()

Snapshot name: `Breadcrumbs matches snapshot 1`

[38;2;128;0;128m[48;2;255;215;255m- Snapshot  - 2
[38;2;0;95;95m[48;2;215;255;255m+ Received  + 2

@@ -26,19 +26,19 @@
      </button>
      <ul
        class="flex gap-x-8 uppercase items-center"
      >
        <li
[38;2;128;0;128m[48;2;255;215;255m-         class="first-of-type:hover:bg-[#F9F2F2] px-2 py-1 rounded first-of-type:cursor-pointer relative text-[#8F8F8F] text-base font-medium last-of-type:text-[#636363] after:absolute after:content-[''] after:right-[-16px] after:top-1/2 after:translate-y-[-50%] after:w-2 after:h-2 after:border-b-2 after:border-r-2 after:border-[#636363] after:-rotate-45 last-of-type:after:content-none"
[38;2;0;95;95m[48;2;215;255;255m+         class="first-of-type:hover:bg-[#F9F2F2] hover:bg-[#F9F2F2] cursor-pointer px-2 py-1 rounded first-of-type:cursor-pointer relative text-[#8F8F8F] text-base font-medium last-of-type:text-[#636363] after:absolute after:content-[''] after:right-[-16px] after:top-1/2 after:translate-y-[-50%] after:w-2 after:h-2 after:border-b-2 after:border-r-2 after:border-[#636363] after:-rotate-45 last-of-type:after:content-none"
          data-testid="Home"
        >
          <span>
            Home
          </span>
        </li>
        <li
[38;2;128;0;128m[48;2;255;215;255m-         class="first-of-type:hover:bg-[#F9F2F2] px-2 py-1 rounded first-of-type:cursor-pointer relative text-[#8F8F8F] text-base font-medium last-of-type:text-[#636363] after:absolute after:content-[''] after:right-[-16px] after:top-1/2 after:translate-y-[-50%] after:w-2 after:h-2 after:border-b-2 after:border-r-2 after:border-[#636363] after:-rotate-45 last-of-type:after:content-none"
[38;2;0;95;95m[48;2;215;255;255m+         class="first-of-type:hover:bg-[#F9F2F2] hover:bg-[#F9F2F2] cursor-pointer px-2 py-1 rounded first-of-type:cursor-pointer relative text-[#8F8F8F] text-base font-medium last-of-type:text-[#636363] after:absolute after:content-[''] after:right-[-16px] after:top-1/2 after:translate-y-[-50%] after:w-2 after:h-2 after:border-b-2 after:border-r-2 after:border-[#636363] after:-rotate-45 last-of-type:after:content-none"
          data-testid="Productes"
        >
          <span>
            Productes
          </span>
    at Object.<anonymous> (/Users/mac/Work/kpmg/investment-management/src/__tests__/components/Breadcrumbs.test.tsx:31:26)
    at Promise.then.completed (/Users/mac/Work/kpmg/investment-management/node_modules/jest-circus/build/utils.js:391:28)
    at new Promise (<anonymous>)
    at callAsyncCircusFn (/Users/mac/Work/kpmg/investment-management/node_modules/jest-circus/build/utils.js:316:10)
    at _callCircusTest (/Users/mac/Work/kpmg/investment-management/node_modules/jest-circus/build/run.js:218:40)
    at processTicksAndRejections (node:internal/process/task_queues:95:5)
    at _runTest (/Users/mac/Work/kpmg/investment-management/node_modules/jest-circus/build/run.js:155:3)
    at _runTestsForDescribeBlock (/Users/mac/Work/kpmg/investment-management/node_modules/jest-circus/build/run.js:66:9)
    at _runTestsForDescribeBlock (/Users/mac/Work/kpmg/investment-management/node_modules/jest-circus/build/run.js:60:9)
    at run (/Users/mac/Work/kpmg/investment-management/node_modules/jest-circus/build/run.js:25:3)
    at runAndTransformResultsToJestFormat (/Users/mac/Work/kpmg/investment-management/node_modules/jest-circus/build/legacy-code-todo-rewrite/jestAdapterInit.js:170:21)
    at jestAdapter (/Users/mac/Work/kpmg/investment-management/node_modules/jest-circus/build/legacy-code-todo-rewrite/jestAdapter.js:82:19)
    at runTestInternal (/Users/mac/Work/kpmg/investment-management/node_modules/jest-runner/build/runTest.js:389:16)
    at runTest (/Users/mac/Work/kpmg/investment-management/node_modules/jest-runner/build/runTest.js:475:34)
    at Object.worker (/Users/mac/Work/kpmg/investment-management/node_modules/jest-runner/build/testWorker.js:133:12)]]></failure>
    </testCase>
    <testCase name="Breadcrumbs displays breadcrumb links" duration="48"/>
    <testCase name="Breadcrumbs Can click on links" duration="21"/>
  </file>
  <file path="/Users/mac/Work/kpmg/investment-management/src/__tests__/components/QuickLinks.test.tsx">
    <testCase name="QuickLinks should render a container with a title and a list of links" duration="70">
      <failure message="Error: could not find react-redux context value; please ensure the component is wrapped in a &lt;Provider&gt;"><![CDATA[Error: could not find react-redux context value; please ensure the component is wrapped in a <Provider>
    at useReduxContext (/Users/mac/Work/kpmg/investment-management/node_modules/react-redux/lib/hooks/useReduxContext.js:23:13)
    at useStore (/Users/mac/Work/kpmg/investment-management/node_modules/react-redux/lib/hooks/useStore.js:24:9)
    at useDispatch (/Users/mac/Work/kpmg/investment-management/node_modules/react-redux/lib/hooks/useDispatch.js:21:19)
    at useQuerySubscription (/Users/mac/Work/kpmg/investment-management/node_modules/@reduxjs/toolkit/src/query/react/buildHooks.ts:687:24)
    at useQuery (/Users/mac/Work/kpmg/investment-management/node_modules/@reduxjs/toolkit/src/query/react/buildHooks.ts:962:42)
    at QuickLinks (/Users/mac/Work/kpmg/investment-management/src/components/QuickLinks.tsx:17:71)
    at renderWithHooks (/Users/mac/Work/kpmg/investment-management/node_modules/react-dom/cjs/react-dom.development.js:14985:18)
    at mountIndeterminateComponent (/Users/mac/Work/kpmg/investment-management/node_modules/react-dom/cjs/react-dom.development.js:17811:13)
    at beginWork (/Users/mac/Work/kpmg/investment-management/node_modules/react-dom/cjs/react-dom.development.js:19049:16)
    at HTMLUnknownElement.callCallback (/Users/mac/Work/kpmg/investment-management/node_modules/react-dom/cjs/react-dom.development.js:3945:14)
    at HTMLUnknownElement.callTheUserObjectsOperation (/Users/mac/Work/kpmg/investment-management/node_modules/jsdom/lib/jsdom/living/generated/EventListener.js:26:30)
    at innerInvokeEventListeners (/Users/mac/Work/kpmg/investment-management/node_modules/jsdom/lib/jsdom/living/events/EventTarget-impl.js:338:25)
    at invokeEventListeners (/Users/mac/Work/kpmg/investment-management/node_modules/jsdom/lib/jsdom/living/events/EventTarget-impl.js:274:3)
    at HTMLUnknownElementImpl._dispatch (/Users/mac/Work/kpmg/investment-management/node_modules/jsdom/lib/jsdom/living/events/EventTarget-impl.js:221:9)
    at HTMLUnknownElementImpl.dispatchEvent (/Users/mac/Work/kpmg/investment-management/node_modules/jsdom/lib/jsdom/living/events/EventTarget-impl.js:94:17)
    at HTMLUnknownElement.dispatchEvent (/Users/mac/Work/kpmg/investment-management/node_modules/jsdom/lib/jsdom/living/generated/EventTarget.js:231:34)
    at Object.invokeGuardedCallbackDev (/Users/mac/Work/kpmg/investment-management/node_modules/react-dom/cjs/react-dom.development.js:3994:16)
    at invokeGuardedCallback (/Users/mac/Work/kpmg/investment-management/node_modules/react-dom/cjs/react-dom.development.js:4056:31)
    at beginWork$1 (/Users/mac/Work/kpmg/investment-management/node_modules/react-dom/cjs/react-dom.development.js:23964:7)
    at performUnitOfWork (/Users/mac/Work/kpmg/investment-management/node_modules/react-dom/cjs/react-dom.development.js:22779:12)
    at workLoopSync (/Users/mac/Work/kpmg/investment-management/node_modules/react-dom/cjs/react-dom.development.js:22707:5)
    at renderRootSync (/Users/mac/Work/kpmg/investment-management/node_modules/react-dom/cjs/react-dom.development.js:22670:7)
    at performSyncWorkOnRoot (/Users/mac/Work/kpmg/investment-management/node_modules/react-dom/cjs/react-dom.development.js:22293:18)
    at scheduleUpdateOnFiber (/Users/mac/Work/kpmg/investment-management/node_modules/react-dom/cjs/react-dom.development.js:21881:7)
    at updateContainer (/Users/mac/Work/kpmg/investment-management/node_modules/react-dom/cjs/react-dom.development.js:25482:3)
    at /Users/mac/Work/kpmg/investment-management/node_modules/react-dom/cjs/react-dom.development.js:26021:7
    at unbatchedUpdates (/Users/mac/Work/kpmg/investment-management/node_modules/react-dom/cjs/react-dom.development.js:22431:12)
    at legacyRenderSubtreeIntoContainer (/Users/mac/Work/kpmg/investment-management/node_modules/react-dom/cjs/react-dom.development.js:26020:5)
    at Object.render (/Users/mac/Work/kpmg/investment-management/node_modules/react-dom/cjs/react-dom.development.js:26103:10)
    at /Users/mac/Work/kpmg/investment-management/node_modules/@testing-library/react/dist/pure.js:101:25
    at batchedUpdates$1 (/Users/mac/Work/kpmg/investment-management/node_modules/react-dom/cjs/react-dom.development.js:22380:12)
    at act (/Users/mac/Work/kpmg/investment-management/node_modules/react-dom/cjs/react-dom-test-utils.development.js:1042:14)
    at render (/Users/mac/Work/kpmg/investment-management/node_modules/@testing-library/react/dist/pure.js:97:26)
    at Object.<anonymous> (/Users/mac/Work/kpmg/investment-management/src/__tests__/components/QuickLinks.test.tsx:16:47)
    at Promise.then.completed (/Users/mac/Work/kpmg/investment-management/node_modules/jest-circus/build/utils.js:391:28)
    at new Promise (<anonymous>)
    at callAsyncCircusFn (/Users/mac/Work/kpmg/investment-management/node_modules/jest-circus/build/utils.js:316:10)
    at _callCircusTest (/Users/mac/Work/kpmg/investment-management/node_modules/jest-circus/build/run.js:218:40)
    at processTicksAndRejections (node:internal/process/task_queues:95:5)
    at _runTest (/Users/mac/Work/kpmg/investment-management/node_modules/jest-circus/build/run.js:155:3)
    at _runTestsForDescribeBlock (/Users/mac/Work/kpmg/investment-management/node_modules/jest-circus/build/run.js:66:9)
    at _runTestsForDescribeBlock (/Users/mac/Work/kpmg/investment-management/node_modules/jest-circus/build/run.js:60:9)
    at run (/Users/mac/Work/kpmg/investment-management/node_modules/jest-circus/build/run.js:25:3)
    at runAndTransformResultsToJestFormat (/Users/mac/Work/kpmg/investment-management/node_modules/jest-circus/build/legacy-code-todo-rewrite/jestAdapterInit.js:170:21)
    at jestAdapter (/Users/mac/Work/kpmg/investment-management/node_modules/jest-circus/build/legacy-code-todo-rewrite/jestAdapter.js:82:19)
    at runTestInternal (/Users/mac/Work/kpmg/investment-management/node_modules/jest-runner/build/runTest.js:389:16)
    at runTest (/Users/mac/Work/kpmg/investment-management/node_modules/jest-runner/build/runTest.js:475:34)
    at Object.worker (/Users/mac/Work/kpmg/investment-management/node_modules/jest-runner/build/testWorker.js:133:12)]]></failure>
    </testCase>
    <testCase name="QuickLinks component renders QuickLinks component with suggested links" duration="12">
      <failure message="Error: could not find react-redux context value; please ensure the component is wrapped in a &lt;Provider&gt;"><![CDATA[Error: could not find react-redux context value; please ensure the component is wrapped in a <Provider>
    at useReduxContext (/Users/mac/Work/kpmg/investment-management/node_modules/react-redux/lib/hooks/useReduxContext.js:23:13)
    at useStore (/Users/mac/Work/kpmg/investment-management/node_modules/react-redux/lib/hooks/useStore.js:24:9)
    at useDispatch (/Users/mac/Work/kpmg/investment-management/node_modules/react-redux/lib/hooks/useDispatch.js:21:19)
    at useQuerySubscription (/Users/mac/Work/kpmg/investment-management/node_modules/@reduxjs/toolkit/src/query/react/buildHooks.ts:687:24)
    at useQuery (/Users/mac/Work/kpmg/investment-management/node_modules/@reduxjs/toolkit/src/query/react/buildHooks.ts:962:42)
    at QuickLinks (/Users/mac/Work/kpmg/investment-management/src/components/QuickLinks.tsx:17:71)
    at renderWithHooks (/Users/mac/Work/kpmg/investment-management/node_modules/react-dom/cjs/react-dom.development.js:14985:18)
    at mountIndeterminateComponent (/Users/mac/Work/kpmg/investment-management/node_modules/react-dom/cjs/react-dom.development.js:17811:13)
    at beginWork (/Users/mac/Work/kpmg/investment-management/node_modules/react-dom/cjs/react-dom.development.js:19049:16)
    at HTMLUnknownElement.callCallback (/Users/mac/Work/kpmg/investment-management/node_modules/react-dom/cjs/react-dom.development.js:3945:14)
    at HTMLUnknownElement.callTheUserObjectsOperation (/Users/mac/Work/kpmg/investment-management/node_modules/jsdom/lib/jsdom/living/generated/EventListener.js:26:30)
    at innerInvokeEventListeners (/Users/mac/Work/kpmg/investment-management/node_modules/jsdom/lib/jsdom/living/events/EventTarget-impl.js:338:25)
    at invokeEventListeners (/Users/mac/Work/kpmg/investment-management/node_modules/jsdom/lib/jsdom/living/events/EventTarget-impl.js:274:3)
    at HTMLUnknownElementImpl._dispatch (/Users/mac/Work/kpmg/investment-management/node_modules/jsdom/lib/jsdom/living/events/EventTarget-impl.js:221:9)
    at HTMLUnknownElementImpl.dispatchEvent (/Users/mac/Work/kpmg/investment-management/node_modules/jsdom/lib/jsdom/living/events/EventTarget-impl.js:94:17)
    at HTMLUnknownElement.dispatchEvent (/Users/mac/Work/kpmg/investment-management/node_modules/jsdom/lib/jsdom/living/generated/EventTarget.js:231:34)
    at Object.invokeGuardedCallbackDev (/Users/mac/Work/kpmg/investment-management/node_modules/react-dom/cjs/react-dom.development.js:3994:16)
    at invokeGuardedCallback (/Users/mac/Work/kpmg/investment-management/node_modules/react-dom/cjs/react-dom.development.js:4056:31)
    at beginWork$1 (/Users/mac/Work/kpmg/investment-management/node_modules/react-dom/cjs/react-dom.development.js:23964:7)
    at performUnitOfWork (/Users/mac/Work/kpmg/investment-management/node_modules/react-dom/cjs/react-dom.development.js:22779:12)
    at workLoopSync (/Users/mac/Work/kpmg/investment-management/node_modules/react-dom/cjs/react-dom.development.js:22707:5)
    at renderRootSync (/Users/mac/Work/kpmg/investment-management/node_modules/react-dom/cjs/react-dom.development.js:22670:7)
    at performSyncWorkOnRoot (/Users/mac/Work/kpmg/investment-management/node_modules/react-dom/cjs/react-dom.development.js:22293:18)
    at scheduleUpdateOnFiber (/Users/mac/Work/kpmg/investment-management/node_modules/react-dom/cjs/react-dom.development.js:21881:7)
    at updateContainer (/Users/mac/Work/kpmg/investment-management/node_modules/react-dom/cjs/react-dom.development.js:25482:3)
    at /Users/mac/Work/kpmg/investment-management/node_modules/react-dom/cjs/react-dom.development.js:26021:7
    at unbatchedUpdates (/Users/mac/Work/kpmg/investment-management/node_modules/react-dom/cjs/react-dom.development.js:22431:12)
    at legacyRenderSubtreeIntoContainer (/Users/mac/Work/kpmg/investment-management/node_modules/react-dom/cjs/react-dom.development.js:26020:5)
    at Object.render (/Users/mac/Work/kpmg/investment-management/node_modules/react-dom/cjs/react-dom.development.js:26103:10)
    at /Users/mac/Work/kpmg/investment-management/node_modules/@testing-library/react/dist/pure.js:101:25
    at batchedUpdates$1 (/Users/mac/Work/kpmg/investment-management/node_modules/react-dom/cjs/react-dom.development.js:22380:12)
    at act (/Users/mac/Work/kpmg/investment-management/node_modules/react-dom/cjs/react-dom-test-utils.development.js:1042:14)
    at render (/Users/mac/Work/kpmg/investment-management/node_modules/@testing-library/react/dist/pure.js:97:26)
    at Object.<anonymous> (/Users/mac/Work/kpmg/investment-management/src/__tests__/components/QuickLinks.test.tsx:28:11)
    at Promise.then.completed (/Users/mac/Work/kpmg/investment-management/node_modules/jest-circus/build/utils.js:391:28)
    at new Promise (<anonymous>)
    at callAsyncCircusFn (/Users/mac/Work/kpmg/investment-management/node_modules/jest-circus/build/utils.js:316:10)
    at _callCircusTest (/Users/mac/Work/kpmg/investment-management/node_modules/jest-circus/build/run.js:218:40)
    at processTicksAndRejections (node:internal/process/task_queues:95:5)
    at _runTest (/Users/mac/Work/kpmg/investment-management/node_modules/jest-circus/build/run.js:155:3)
    at _runTestsForDescribeBlock (/Users/mac/Work/kpmg/investment-management/node_modules/jest-circus/build/run.js:66:9)
    at _runTestsForDescribeBlock (/Users/mac/Work/kpmg/investment-management/node_modules/jest-circus/build/run.js:60:9)
    at run (/Users/mac/Work/kpmg/investment-management/node_modules/jest-circus/build/run.js:25:3)
    at runAndTransformResultsToJestFormat (/Users/mac/Work/kpmg/investment-management/node_modules/jest-circus/build/legacy-code-todo-rewrite/jestAdapterInit.js:170:21)
    at jestAdapter (/Users/mac/Work/kpmg/investment-management/node_modules/jest-circus/build/legacy-code-todo-rewrite/jestAdapter.js:82:19)
    at runTestInternal (/Users/mac/Work/kpmg/investment-management/node_modules/jest-runner/build/runTest.js:389:16)
    at runTest (/Users/mac/Work/kpmg/investment-management/node_modules/jest-runner/build/runTest.js:475:34)
    at Object.worker (/Users/mac/Work/kpmg/investment-management/node_modules/jest-runner/build/testWorker.js:133:12)]]></failure>
    </testCase>
    <testCase name="QuickLinks component closes the suggested links section when close button is clicked" duration="6">
      <failure message="Error: could not find react-redux context value; please ensure the component is wrapped in a &lt;Provider&gt;"><![CDATA[Error: could not find react-redux context value; please ensure the component is wrapped in a <Provider>
    at useReduxContext (/Users/mac/Work/kpmg/investment-management/node_modules/react-redux/lib/hooks/useReduxContext.js:23:13)
    at useStore (/Users/mac/Work/kpmg/investment-management/node_modules/react-redux/lib/hooks/useStore.js:24:9)
    at useDispatch (/Users/mac/Work/kpmg/investment-management/node_modules/react-redux/lib/hooks/useDispatch.js:21:19)
    at useQuerySubscription (/Users/mac/Work/kpmg/investment-management/node_modules/@reduxjs/toolkit/src/query/react/buildHooks.ts:687:24)
    at useQuery (/Users/mac/Work/kpmg/investment-management/node_modules/@reduxjs/toolkit/src/query/react/buildHooks.ts:962:42)
    at QuickLinks (/Users/mac/Work/kpmg/investment-management/src/components/QuickLinks.tsx:17:71)
    at renderWithHooks (/Users/mac/Work/kpmg/investment-management/node_modules/react-dom/cjs/react-dom.development.js:14985:18)
    at mountIndeterminateComponent (/Users/mac/Work/kpmg/investment-management/node_modules/react-dom/cjs/react-dom.development.js:17811:13)
    at beginWork (/Users/mac/Work/kpmg/investment-management/node_modules/react-dom/cjs/react-dom.development.js:19049:16)
    at HTMLUnknownElement.callCallback (/Users/mac/Work/kpmg/investment-management/node_modules/react-dom/cjs/react-dom.development.js:3945:14)
    at HTMLUnknownElement.callTheUserObjectsOperation (/Users/mac/Work/kpmg/investment-management/node_modules/jsdom/lib/jsdom/living/generated/EventListener.js:26:30)
    at innerInvokeEventListeners (/Users/mac/Work/kpmg/investment-management/node_modules/jsdom/lib/jsdom/living/events/EventTarget-impl.js:338:25)
    at invokeEventListeners (/Users/mac/Work/kpmg/investment-management/node_modules/jsdom/lib/jsdom/living/events/EventTarget-impl.js:274:3)
    at HTMLUnknownElementImpl._dispatch (/Users/mac/Work/kpmg/investment-management/node_modules/jsdom/lib/jsdom/living/events/EventTarget-impl.js:221:9)
    at HTMLUnknownElementImpl.dispatchEvent (/Users/mac/Work/kpmg/investment-management/node_modules/jsdom/lib/jsdom/living/events/EventTarget-impl.js:94:17)
    at HTMLUnknownElement.dispatchEvent (/Users/mac/Work/kpmg/investment-management/node_modules/jsdom/lib/jsdom/living/generated/EventTarget.js:231:34)
    at Object.invokeGuardedCallbackDev (/Users/mac/Work/kpmg/investment-management/node_modules/react-dom/cjs/react-dom.development.js:3994:16)
    at invokeGuardedCallback (/Users/mac/Work/kpmg/investment-management/node_modules/react-dom/cjs/react-dom.development.js:4056:31)
    at beginWork$1 (/Users/mac/Work/kpmg/investment-management/node_modules/react-dom/cjs/react-dom.development.js:23964:7)
    at performUnitOfWork (/Users/mac/Work/kpmg/investment-management/node_modules/react-dom/cjs/react-dom.development.js:22779:12)
    at workLoopSync (/Users/mac/Work/kpmg/investment-management/node_modules/react-dom/cjs/react-dom.development.js:22707:5)
    at renderRootSync (/Users/mac/Work/kpmg/investment-management/node_modules/react-dom/cjs/react-dom.development.js:22670:7)
    at performSyncWorkOnRoot (/Users/mac/Work/kpmg/investment-management/node_modules/react-dom/cjs/react-dom.development.js:22293:18)
    at scheduleUpdateOnFiber (/Users/mac/Work/kpmg/investment-management/node_modules/react-dom/cjs/react-dom.development.js:21881:7)
    at updateContainer (/Users/mac/Work/kpmg/investment-management/node_modules/react-dom/cjs/react-dom.development.js:25482:3)
    at /Users/mac/Work/kpmg/investment-management/node_modules/react-dom/cjs/react-dom.development.js:26021:7
    at unbatchedUpdates (/Users/mac/Work/kpmg/investment-management/node_modules/react-dom/cjs/react-dom.development.js:22431:12)
    at legacyRenderSubtreeIntoContainer (/Users/mac/Work/kpmg/investment-management/node_modules/react-dom/cjs/react-dom.development.js:26020:5)
    at Object.render (/Users/mac/Work/kpmg/investment-management/node_modules/react-dom/cjs/react-dom.development.js:26103:10)
    at /Users/mac/Work/kpmg/investment-management/node_modules/@testing-library/react/dist/pure.js:101:25
    at batchedUpdates$1 (/Users/mac/Work/kpmg/investment-management/node_modules/react-dom/cjs/react-dom.development.js:22380:12)
    at act (/Users/mac/Work/kpmg/investment-management/node_modules/react-dom/cjs/react-dom-test-utils.development.js:1042:14)
    at render (/Users/mac/Work/kpmg/investment-management/node_modules/@testing-library/react/dist/pure.js:97:26)
    at Object.<anonymous> (/Users/mac/Work/kpmg/investment-management/src/__tests__/components/QuickLinks.test.tsx:50:11)
    at Promise.then.completed (/Users/mac/Work/kpmg/investment-management/node_modules/jest-circus/build/utils.js:391:28)
    at new Promise (<anonymous>)
    at callAsyncCircusFn (/Users/mac/Work/kpmg/investment-management/node_modules/jest-circus/build/utils.js:316:10)
    at _callCircusTest (/Users/mac/Work/kpmg/investment-management/node_modules/jest-circus/build/run.js:218:40)
    at processTicksAndRejections (node:internal/process/task_queues:95:5)
    at _runTest (/Users/mac/Work/kpmg/investment-management/node_modules/jest-circus/build/run.js:155:3)
    at _runTestsForDescribeBlock (/Users/mac/Work/kpmg/investment-management/node_modules/jest-circus/build/run.js:66:9)
    at _runTestsForDescribeBlock (/Users/mac/Work/kpmg/investment-management/node_modules/jest-circus/build/run.js:60:9)
    at run (/Users/mac/Work/kpmg/investment-management/node_modules/jest-circus/build/run.js:25:3)
    at runAndTransformResultsToJestFormat (/Users/mac/Work/kpmg/investment-management/node_modules/jest-circus/build/legacy-code-todo-rewrite/jestAdapterInit.js:170:21)
    at jestAdapter (/Users/mac/Work/kpmg/investment-management/node_modules/jest-circus/build/legacy-code-todo-rewrite/jestAdapter.js:82:19)
    at runTestInternal (/Users/mac/Work/kpmg/investment-management/node_modules/jest-runner/build/runTest.js:389:16)
    at runTest (/Users/mac/Work/kpmg/investment-management/node_modules/jest-runner/build/runTest.js:475:34)
    at Object.worker (/Users/mac/Work/kpmg/investment-management/node_modules/jest-runner/build/testWorker.js:133:12)]]></failure>
    </testCase>
    <testCase name="QuickLinks component should fetch data from useGetLinksQuery hook and update state with received data" duration="27">
      <failure message="Error: Cannot find module &apos;../src/components/QuickLinks&apos; from &apos;__tests__/components/QuickLinks.test.tsx&apos;"><![CDATA[Error: Cannot find module '../src/components/QuickLinks' from '__tests__/components/QuickLinks.test.tsx'
    at Resolver.resolveModule (/Users/mac/Work/kpmg/investment-management/node_modules/jest-resolve/build/resolver.js:324:11)
    at Resolver._getVirtualMockPath (/Users/mac/Work/kpmg/investment-management/node_modules/jest-resolve/build/resolver.js:471:14)
    at Resolver._getAbsolutePath (/Users/mac/Work/kpmg/investment-management/node_modules/jest-resolve/build/resolver.js:457:14)
    at Resolver.getModuleID (/Users/mac/Work/kpmg/investment-management/node_modules/jest-resolve/build/resolver.js:424:31)
    at Runtime._shouldMock (/Users/mac/Work/kpmg/investment-management/node_modules/jest-runtime/build/index.js:1917:37)
    at Runtime.require [as requireModuleOrMock] (/Users/mac/Work/kpmg/investment-management/node_modules/jest-runtime/build/index.js:1204:14)
    at Object.<anonymous> (/Users/mac/Work/kpmg/investment-management/src/__tests__/components/QuickLinks.test.tsx:96:24)
    at Promise.then.completed (/Users/mac/Work/kpmg/investment-management/node_modules/jest-circus/build/utils.js:391:28)
    at new Promise (<anonymous>)
    at callAsyncCircusFn (/Users/mac/Work/kpmg/investment-management/node_modules/jest-circus/build/utils.js:316:10)
    at _callCircusTest (/Users/mac/Work/kpmg/investment-management/node_modules/jest-circus/build/run.js:218:40)
    at processTicksAndRejections (node:internal/process/task_queues:95:5)
    at _runTest (/Users/mac/Work/kpmg/investment-management/node_modules/jest-circus/build/run.js:155:3)
    at _runTestsForDescribeBlock (/Users/mac/Work/kpmg/investment-management/node_modules/jest-circus/build/run.js:66:9)
    at _runTestsForDescribeBlock (/Users/mac/Work/kpmg/investment-management/node_modules/jest-circus/build/run.js:60:9)
    at run (/Users/mac/Work/kpmg/investment-management/node_modules/jest-circus/build/run.js:25:3)
    at runAndTransformResultsToJestFormat (/Users/mac/Work/kpmg/investment-management/node_modules/jest-circus/build/legacy-code-todo-rewrite/jestAdapterInit.js:170:21)
    at jestAdapter (/Users/mac/Work/kpmg/investment-management/node_modules/jest-circus/build/legacy-code-todo-rewrite/jestAdapter.js:82:19)
    at runTestInternal (/Users/mac/Work/kpmg/investment-management/node_modules/jest-runner/build/runTest.js:389:16)
    at runTest (/Users/mac/Work/kpmg/investment-management/node_modules/jest-runner/build/runTest.js:475:34)
    at Object.worker (/Users/mac/Work/kpmg/investment-management/node_modules/jest-runner/build/testWorker.js:133:12)]]></failure>
    </testCase>
    <testCase name="QuickLinks component should render a message when isOpen state is true" duration="1">
      <failure message="Error: Cannot find module &apos;../src/components/QuickLinks&apos; from &apos;__tests__/components/QuickLinks.test.tsx&apos;"><![CDATA[Error: Cannot find module '../src/components/QuickLinks' from '__tests__/components/QuickLinks.test.tsx'
    at Resolver.resolveModule (/Users/mac/Work/kpmg/investment-management/node_modules/jest-resolve/build/resolver.js:324:11)
    at Resolver._getVirtualMockPath (/Users/mac/Work/kpmg/investment-management/node_modules/jest-resolve/build/resolver.js:471:14)
    at Resolver._getAbsolutePath (/Users/mac/Work/kpmg/investment-management/node_modules/jest-resolve/build/resolver.js:457:14)
    at Resolver.getModuleID (/Users/mac/Work/kpmg/investment-management/node_modules/jest-resolve/build/resolver.js:424:31)
    at Runtime._shouldMock (/Users/mac/Work/kpmg/investment-management/node_modules/jest-runtime/build/index.js:1917:37)
    at Runtime.require [as requireModuleOrMock] (/Users/mac/Work/kpmg/investment-management/node_modules/jest-runtime/build/index.js:1204:14)
    at Object.<anonymous> (/Users/mac/Work/kpmg/investment-management/src/__tests__/components/QuickLinks.test.tsx:114:24)
    at Promise.then.completed (/Users/mac/Work/kpmg/investment-management/node_modules/jest-circus/build/utils.js:391:28)
    at new Promise (<anonymous>)
    at callAsyncCircusFn (/Users/mac/Work/kpmg/investment-management/node_modules/jest-circus/build/utils.js:316:10)
    at _callCircusTest (/Users/mac/Work/kpmg/investment-management/node_modules/jest-circus/build/run.js:218:40)
    at processTicksAndRejections (node:internal/process/task_queues:95:5)
    at _runTest (/Users/mac/Work/kpmg/investment-management/node_modules/jest-circus/build/run.js:155:3)
    at _runTestsForDescribeBlock (/Users/mac/Work/kpmg/investment-management/node_modules/jest-circus/build/run.js:66:9)
    at _runTestsForDescribeBlock (/Users/mac/Work/kpmg/investment-management/node_modules/jest-circus/build/run.js:60:9)
    at run (/Users/mac/Work/kpmg/investment-management/node_modules/jest-circus/build/run.js:25:3)
    at runAndTransformResultsToJestFormat (/Users/mac/Work/kpmg/investment-management/node_modules/jest-circus/build/legacy-code-todo-rewrite/jestAdapterInit.js:170:21)
    at jestAdapter (/Users/mac/Work/kpmg/investment-management/node_modules/jest-circus/build/legacy-code-todo-rewrite/jestAdapter.js:82:19)
    at runTestInternal (/Users/mac/Work/kpmg/investment-management/node_modules/jest-runner/build/runTest.js:389:16)
    at runTest (/Users/mac/Work/kpmg/investment-management/node_modules/jest-runner/build/runTest.js:475:34)
    at Object.worker (/Users/mac/Work/kpmg/investment-management/node_modules/jest-runner/build/testWorker.js:133:12)]]></failure>
    </testCase>
    <testCase name="QuickLinks component should render default link when useGetLinksQuery hook returns null" duration="1">
      <failure message="Error: Cannot find module &apos;../src/components/QuickLinks&apos; from &apos;__tests__/components/QuickLinks.test.tsx&apos;"><![CDATA[Error: Cannot find module '../src/components/QuickLinks' from '__tests__/components/QuickLinks.test.tsx'
    at Resolver.resolveModule (/Users/mac/Work/kpmg/investment-management/node_modules/jest-resolve/build/resolver.js:324:11)
    at Resolver._getVirtualMockPath (/Users/mac/Work/kpmg/investment-management/node_modules/jest-resolve/build/resolver.js:471:14)
    at Resolver._getAbsolutePath (/Users/mac/Work/kpmg/investment-management/node_modules/jest-resolve/build/resolver.js:457:14)
    at Resolver.getModuleID (/Users/mac/Work/kpmg/investment-management/node_modules/jest-resolve/build/resolver.js:424:31)
    at Runtime._shouldMock (/Users/mac/Work/kpmg/investment-management/node_modules/jest-runtime/build/index.js:1917:37)
    at Runtime.require [as requireModuleOrMock] (/Users/mac/Work/kpmg/investment-management/node_modules/jest-runtime/build/index.js:1204:14)
    at Object.<anonymous> (/Users/mac/Work/kpmg/investment-management/src/__tests__/components/QuickLinks.test.tsx:137:24)
    at Promise.then.completed (/Users/mac/Work/kpmg/investment-management/node_modules/jest-circus/build/utils.js:391:28)
    at new Promise (<anonymous>)
    at callAsyncCircusFn (/Users/mac/Work/kpmg/investment-management/node_modules/jest-circus/build/utils.js:316:10)
    at _callCircusTest (/Users/mac/Work/kpmg/investment-management/node_modules/jest-circus/build/run.js:218:40)
    at processTicksAndRejections (node:internal/process/task_queues:95:5)
    at _runTest (/Users/mac/Work/kpmg/investment-management/node_modules/jest-circus/build/run.js:155:3)
    at _runTestsForDescribeBlock (/Users/mac/Work/kpmg/investment-management/node_modules/jest-circus/build/run.js:66:9)
    at _runTestsForDescribeBlock (/Users/mac/Work/kpmg/investment-management/node_modules/jest-circus/build/run.js:60:9)
    at run (/Users/mac/Work/kpmg/investment-management/node_modules/jest-circus/build/run.js:25:3)
    at runAndTransformResultsToJestFormat (/Users/mac/Work/kpmg/investment-management/node_modules/jest-circus/build/legacy-code-todo-rewrite/jestAdapterInit.js:170:21)
    at jestAdapter (/Users/mac/Work/kpmg/investment-management/node_modules/jest-circus/build/legacy-code-todo-rewrite/jestAdapter.js:82:19)
    at runTestInternal (/Users/mac/Work/kpmg/investment-management/node_modules/jest-runner/build/runTest.js:389:16)
    at runTest (/Users/mac/Work/kpmg/investment-management/node_modules/jest-runner/build/runTest.js:475:34)
    at Object.worker (/Users/mac/Work/kpmg/investment-management/node_modules/jest-runner/build/testWorker.js:133:12)]]></failure>
    </testCase>
    <testCase name="QuickLinks component renders QuickLinks component with mocked useUpdateLinkMutation" duration="2">
      <failure message="TypeError: _api.useUpdateLinkMutation.mockReturnValue is not a function"><![CDATA[TypeError: _api.useUpdateLinkMutation.mockReturnValue is not a function
    at Object.<anonymous> (/Users/mac/Work/kpmg/investment-management/src/__tests__/components/QuickLinks.test.tsx:156:29)
    at Promise.then.completed (/Users/mac/Work/kpmg/investment-management/node_modules/jest-circus/build/utils.js:391:28)
    at new Promise (<anonymous>)
    at callAsyncCircusFn (/Users/mac/Work/kpmg/investment-management/node_modules/jest-circus/build/utils.js:316:10)
    at _callCircusTest (/Users/mac/Work/kpmg/investment-management/node_modules/jest-circus/build/run.js:218:40)
    at processTicksAndRejections (node:internal/process/task_queues:95:5)
    at _runTest (/Users/mac/Work/kpmg/investment-management/node_modules/jest-circus/build/run.js:155:3)
    at _runTestsForDescribeBlock (/Users/mac/Work/kpmg/investment-management/node_modules/jest-circus/build/run.js:66:9)
    at _runTestsForDescribeBlock (/Users/mac/Work/kpmg/investment-management/node_modules/jest-circus/build/run.js:60:9)
    at run (/Users/mac/Work/kpmg/investment-management/node_modules/jest-circus/build/run.js:25:3)
    at runAndTransformResultsToJestFormat (/Users/mac/Work/kpmg/investment-management/node_modules/jest-circus/build/legacy-code-todo-rewrite/jestAdapterInit.js:170:21)
    at jestAdapter (/Users/mac/Work/kpmg/investment-management/node_modules/jest-circus/build/legacy-code-todo-rewrite/jestAdapter.js:82:19)
    at runTestInternal (/Users/mac/Work/kpmg/investment-management/node_modules/jest-runner/build/runTest.js:389:16)
    at runTest (/Users/mac/Work/kpmg/investment-management/node_modules/jest-runner/build/runTest.js:475:34)
    at Object.worker (/Users/mac/Work/kpmg/investment-management/node_modules/jest-runner/build/testWorker.js:133:12)]]></failure>
    </testCase>
  </file>
  <file path="/Users/mac/Work/kpmg/investment-management/src/__tests__/components/CreateButton.test.tsx">
    <testCase name="closeButton should set isOpen state to false" duration="3"/>
    <testCase name="closeButton should set secondActive, thirdActive, and fourthActive states to empty strings" duration="141"/>
    <testCase name="closeButton should not return any value" duration="1"/>
    <testCase name="closeButton should require function parameters" duration="2"/>
    <testCase name="closeButton should not throw any errors" duration="1"/>
    <testCase name="goToUrl should navigate to the provided URL" duration="2"/>
    <testCase name="goToUrl should throw an error when url is null" duration="1"/>
    <testCase name="goToUrl should throw an error when navigate function is not a function" duration="59"/>
    <testCase name="goToUrl should handle relative URLs" duration="1"/>
    <testCase name="CreateButton should render the component without crashing" duration="22"/>
    <testCase name="CreateButton should open the dropdown menu when the button is clicked" duration="72">
      <failure message="TestingLibraryElementError: Unable to find an element with the text: Loans. This could be because the text is broken up by multiple elements. In this case, you can provide a function for your text matcher to make your matcher more flexible."><![CDATA[TestingLibraryElementError: Unable to find an element with the text: Loans. This could be because the text is broken up by multiple elements. In this case, you can provide a function for your text matcher to make your matcher more flexible.

Ignored nodes: comments, script, style
<body>
  <div>
    <div
      data-testid="top-bar"
    >
      <div>
        <div
          class="relative"
        >
          <span>
            <button>
              Button
            </button>
          </span>
          <div
            class="top-0 absolute w-[286px] z-10 bg-white rounded-b-lg shadow-[0px_0px_4px_0px_rgba(0,0,0,0.25)] pt-[1px]"
          >
            <ul>
              <li
                class="group"
              >
                <button
                  class="disabled:opacity-50 disabled:cursor-not-allowed w-full z-10 relative text-base text-[#636363] capitalize pl-6 pr-4 flex justify-between items-center py-3 group-last:rounded-b-lg hover:bg-[#F9E5E5] cursor-pointer bg-white"
                  disabled=""
                >
                  <span>
                    Deposit
                  </span>
                   
                  <svg
                    fill="currentColor"
                    height="1em"
                    stroke="currentColor"
                    stroke-width="0"
                    viewBox="0 0 192 512"
                    width="1em"
                    xmlns="http://www.w3.org/2000/svg"
                  >
                    <path
                      d="M0 384.662V127.338c0-17.818 21.543-26.741 34.142-14.142l128.662 128.662c7.81 7.81 7.81 20.474 0 28.284L34.142 398.804C21.543 411.404 0 402.48 0 384.662z"
                    />
                  </svg>
                </button>
              </li>
              <li
                class="group"
              >
                <button
                  class="disabled:opacity-50 disabled:cursor-not-allowed w-full z-10 relative text-base text-[#636363] capitalize pl-6 pr-4 flex justify-between items-center py-3 group-last:rounded-b-lg hover:bg-[#F9E5E5] cursor-pointer bg-white"
                  disabled=""
                >
                  <span>
                    Credit
                  </span>
                   
                  <svg
                    fill="currentColor"
                    height="1em"
                    stroke="currentColor"
                    stroke-width="0"
                    viewBox="0 0 192 512"
                    width="1em"
                    xmlns="http://www.w3.org/2000/svg"
                  >
                    <path
                      d="M0 384.662V127.338c0-17.818 21.543-26.741 34.142-14.142l128.662 128.662c7.81 7.81 7.81 20.474 0 28.284L34.142 398.804C21.543 411.404 0 402.48 0 384.662z"
                    />
                  </svg>
                </button>
              </li>
              <li
                class="group"
              >
                <button
                  class="disabled:opacity-50 disabled:cursor-not-allowed w-full z-10 relative text-base text-[#636363] capitalize pl-6 pr-4 flex justify-between items-center py-3 group-last:rounded-b-lg hover:bg-[#F9E5E5] cursor-pointer bg-white"
                  disabled=""
                >
                  <span>
                    Over the counter payment
                  </span>
                   
                  <svg
                    fill="currentColor"
                    height="1em"
                    stroke="currentColor"
                    stroke-width="0"
                    viewBox="0 0 192 512"
                    width="1em"
                    xmlns="http://www.w3.org/2000/svg"
                  >
                    <path
                      d="M0 384.662V127.338c0-17.818 21.543-26.741 34.142-14.142l128.662 128.662c7.81 7.81 7.81 20.474 0 28.284L34.142 398.804C21.543 411.404 0 402.48 0 384.662z"
                    />
                  </svg>
                </button>
              </li>
              <li
                class="group"
              >
                <button
                  class="disabled:opacity-50 disabled:cursor-not-allowed w-full z-10 relative text-base text-[#636363] capitalize pl-6 pr-4 flex justify-between items-center py-3 group-last:rounded-b-lg hover:bg-[#F9E5E5] cursor-pointer bg-white"
                  disabled=""
                >
                  <span>
                    Investment
                  </span>
                   
                  <svg
                    fill="currentColor"
                    height="1em"
                    stroke="currentColor"
                    stroke-width="0"
                    viewBox="0 0 192 512"
                    width="1em"
                    xmlns="http://www.w3.org/2000/svg"
                  >
                    <path
                      d="M0 384.662V127.338c0-17.818 21.543-26.741 34.142-14.142l128.662 128.662c7.81 7.81 7.81 20.474 0 28.284L34.142 398.804C21.543 411.404 0 402.48 0 384.662z"
                    />
                  </svg>
                </button>
              </li>
            </ul>
          </div>
        </div>
      </div>
    </div>
  </div>
</body>
    at Object.getElementError (/Users/mac/Work/kpmg/investment-management/node_modules/@testing-library/dom/dist/config.js:37:19)
    at /Users/mac/Work/kpmg/investment-management/node_modules/@testing-library/dom/dist/query-helpers.js:76:38
    at /Users/mac/Work/kpmg/investment-management/node_modules/@testing-library/dom/dist/query-helpers.js:52:17
    at getByText (/Users/mac/Work/kpmg/investment-management/node_modules/@testing-library/dom/dist/query-helpers.js:95:19)
    at Object.<anonymous> (/Users/mac/Work/kpmg/investment-management/src/__tests__/components/CreateButton.test.tsx:180:19)
    at Promise.then.completed (/Users/mac/Work/kpmg/investment-management/node_modules/jest-circus/build/utils.js:391:28)
    at new Promise (<anonymous>)
    at callAsyncCircusFn (/Users/mac/Work/kpmg/investment-management/node_modules/jest-circus/build/utils.js:316:10)
    at _callCircusTest (/Users/mac/Work/kpmg/investment-management/node_modules/jest-circus/build/run.js:218:40)
    at processTicksAndRejections (node:internal/process/task_queues:95:5)
    at _runTest (/Users/mac/Work/kpmg/investment-management/node_modules/jest-circus/build/run.js:155:3)
    at _runTestsForDescribeBlock (/Users/mac/Work/kpmg/investment-management/node_modules/jest-circus/build/run.js:66:9)
    at _runTestsForDescribeBlock (/Users/mac/Work/kpmg/investment-management/node_modules/jest-circus/build/run.js:60:9)
    at run (/Users/mac/Work/kpmg/investment-management/node_modules/jest-circus/build/run.js:25:3)
    at runAndTransformResultsToJestFormat (/Users/mac/Work/kpmg/investment-management/node_modules/jest-circus/build/legacy-code-todo-rewrite/jestAdapterInit.js:170:21)
    at jestAdapter (/Users/mac/Work/kpmg/investment-management/node_modules/jest-circus/build/legacy-code-todo-rewrite/jestAdapter.js:82:19)
    at runTestInternal (/Users/mac/Work/kpmg/investment-management/node_modules/jest-runner/build/runTest.js:389:16)
    at runTest (/Users/mac/Work/kpmg/investment-management/node_modules/jest-runner/build/runTest.js:475:34)
    at Object.worker (/Users/mac/Work/kpmg/investment-management/node_modules/jest-runner/build/testWorker.js:133:12)]]></failure>
    </testCase>
    <testCase name="CreateButton should close the dropdown menu when clicked outside" duration="74"/>
  </file>
  <file path="/Users/mac/Work/kpmg/investment-management/src/__tests__/components/TopBar.test.tsx">
    <testCase name="Tabs should render a list of tabs with titles and urls" duration="63">
      <failure message="TypeError: (0 , _reactRouterDom.useNavigate) is not a function"><![CDATA[TypeError: (0 , _reactRouterDom.useNavigate) is not a function
    at Tabs (/Users/mac/Work/kpmg/investment-management/src/components/TopBar.tsx:35:31)
    at renderWithHooks (/Users/mac/Work/kpmg/investment-management/node_modules/react-dom/cjs/react-dom.development.js:14985:18)
    at mountIndeterminateComponent (/Users/mac/Work/kpmg/investment-management/node_modules/react-dom/cjs/react-dom.development.js:17811:13)
    at beginWork (/Users/mac/Work/kpmg/investment-management/node_modules/react-dom/cjs/react-dom.development.js:19049:16)
    at HTMLUnknownElement.callCallback (/Users/mac/Work/kpmg/investment-management/node_modules/react-dom/cjs/react-dom.development.js:3945:14)
    at HTMLUnknownElement.callTheUserObjectsOperation (/Users/mac/Work/kpmg/investment-management/node_modules/jsdom/lib/jsdom/living/generated/EventListener.js:26:30)
    at innerInvokeEventListeners (/Users/mac/Work/kpmg/investment-management/node_modules/jsdom/lib/jsdom/living/events/EventTarget-impl.js:338:25)
    at invokeEventListeners (/Users/mac/Work/kpmg/investment-management/node_modules/jsdom/lib/jsdom/living/events/EventTarget-impl.js:274:3)
    at HTMLUnknownElementImpl._dispatch (/Users/mac/Work/kpmg/investment-management/node_modules/jsdom/lib/jsdom/living/events/EventTarget-impl.js:221:9)
    at HTMLUnknownElementImpl.dispatchEvent (/Users/mac/Work/kpmg/investment-management/node_modules/jsdom/lib/jsdom/living/events/EventTarget-impl.js:94:17)
    at HTMLUnknownElement.dispatchEvent (/Users/mac/Work/kpmg/investment-management/node_modules/jsdom/lib/jsdom/living/generated/EventTarget.js:231:34)
    at Object.invokeGuardedCallbackDev (/Users/mac/Work/kpmg/investment-management/node_modules/react-dom/cjs/react-dom.development.js:3994:16)
    at invokeGuardedCallback (/Users/mac/Work/kpmg/investment-management/node_modules/react-dom/cjs/react-dom.development.js:4056:31)
    at beginWork$1 (/Users/mac/Work/kpmg/investment-management/node_modules/react-dom/cjs/react-dom.development.js:23964:7)
    at performUnitOfWork (/Users/mac/Work/kpmg/investment-management/node_modules/react-dom/cjs/react-dom.development.js:22779:12)
    at workLoopSync (/Users/mac/Work/kpmg/investment-management/node_modules/react-dom/cjs/react-dom.development.js:22707:5)
    at renderRootSync (/Users/mac/Work/kpmg/investment-management/node_modules/react-dom/cjs/react-dom.development.js:22670:7)
    at performSyncWorkOnRoot (/Users/mac/Work/kpmg/investment-management/node_modules/react-dom/cjs/react-dom.development.js:22293:18)
    at scheduleUpdateOnFiber (/Users/mac/Work/kpmg/investment-management/node_modules/react-dom/cjs/react-dom.development.js:21881:7)
    at updateContainer (/Users/mac/Work/kpmg/investment-management/node_modules/react-dom/cjs/react-dom.development.js:25482:3)
    at /Users/mac/Work/kpmg/investment-management/node_modules/react-dom/cjs/react-dom.development.js:26021:7
    at unbatchedUpdates (/Users/mac/Work/kpmg/investment-management/node_modules/react-dom/cjs/react-dom.development.js:22431:12)
    at legacyRenderSubtreeIntoContainer (/Users/mac/Work/kpmg/investment-management/node_modules/react-dom/cjs/react-dom.development.js:26020:5)
    at Object.render (/Users/mac/Work/kpmg/investment-management/node_modules/react-dom/cjs/react-dom.development.js:26103:10)
    at /Users/mac/Work/kpmg/investment-management/node_modules/@testing-library/react/dist/pure.js:101:25
    at batchedUpdates$1 (/Users/mac/Work/kpmg/investment-management/node_modules/react-dom/cjs/react-dom.development.js:22380:12)
    at act (/Users/mac/Work/kpmg/investment-management/node_modules/react-dom/cjs/react-dom-test-utils.development.js:1042:14)
    at render (/Users/mac/Work/kpmg/investment-management/node_modules/@testing-library/react/dist/pure.js:97:26)
    at Object.<anonymous> (/Users/mac/Work/kpmg/investment-management/src/__tests__/components/TopBar.test.tsx:30:11)
    at Promise.then.completed (/Users/mac/Work/kpmg/investment-management/node_modules/jest-circus/build/utils.js:391:28)
    at new Promise (<anonymous>)
    at callAsyncCircusFn (/Users/mac/Work/kpmg/investment-management/node_modules/jest-circus/build/utils.js:316:10)
    at _callCircusTest (/Users/mac/Work/kpmg/investment-management/node_modules/jest-circus/build/run.js:218:40)
    at processTicksAndRejections (node:internal/process/task_queues:95:5)
    at _runTest (/Users/mac/Work/kpmg/investment-management/node_modules/jest-circus/build/run.js:155:3)
    at _runTestsForDescribeBlock (/Users/mac/Work/kpmg/investment-management/node_modules/jest-circus/build/run.js:66:9)
    at _runTestsForDescribeBlock (/Users/mac/Work/kpmg/investment-management/node_modules/jest-circus/build/run.js:60:9)
    at run (/Users/mac/Work/kpmg/investment-management/node_modules/jest-circus/build/run.js:25:3)
    at runAndTransformResultsToJestFormat (/Users/mac/Work/kpmg/investment-management/node_modules/jest-circus/build/legacy-code-todo-rewrite/jestAdapterInit.js:170:21)
    at jestAdapter (/Users/mac/Work/kpmg/investment-management/node_modules/jest-circus/build/legacy-code-todo-rewrite/jestAdapter.js:82:19)
    at runTestInternal (/Users/mac/Work/kpmg/investment-management/node_modules/jest-runner/build/runTest.js:389:16)
    at runTest (/Users/mac/Work/kpmg/investment-management/node_modules/jest-runner/build/runTest.js:475:34)
    at Object.worker (/Users/mac/Work/kpmg/investment-management/node_modules/jest-runner/build/testWorker.js:133:12)]]></failure>
    </testCase>
    <testCase name="should set active tab and update search term" duration="74">
      <failure message="TypeError: (0 , _reactRouterDom.useNavigate) is not a function"><![CDATA[TypeError: (0 , _reactRouterDom.useNavigate) is not a function
    at Tabs (/Users/mac/Work/kpmg/investment-management/src/components/TopBar.tsx:35:31)
    at renderWithHooks (/Users/mac/Work/kpmg/investment-management/node_modules/react-dom/cjs/react-dom.development.js:14985:18)
    at mountIndeterminateComponent (/Users/mac/Work/kpmg/investment-management/node_modules/react-dom/cjs/react-dom.development.js:17811:13)
    at beginWork (/Users/mac/Work/kpmg/investment-management/node_modules/react-dom/cjs/react-dom.development.js:19049:16)
    at HTMLUnknownElement.callCallback (/Users/mac/Work/kpmg/investment-management/node_modules/react-dom/cjs/react-dom.development.js:3945:14)
    at HTMLUnknownElement.callTheUserObjectsOperation (/Users/mac/Work/kpmg/investment-management/node_modules/jsdom/lib/jsdom/living/generated/EventListener.js:26:30)
    at innerInvokeEventListeners (/Users/mac/Work/kpmg/investment-management/node_modules/jsdom/lib/jsdom/living/events/EventTarget-impl.js:338:25)
    at invokeEventListeners (/Users/mac/Work/kpmg/investment-management/node_modules/jsdom/lib/jsdom/living/events/EventTarget-impl.js:274:3)
    at HTMLUnknownElementImpl._dispatch (/Users/mac/Work/kpmg/investment-management/node_modules/jsdom/lib/jsdom/living/events/EventTarget-impl.js:221:9)
    at HTMLUnknownElementImpl.dispatchEvent (/Users/mac/Work/kpmg/investment-management/node_modules/jsdom/lib/jsdom/living/events/EventTarget-impl.js:94:17)
    at HTMLUnknownElement.dispatchEvent (/Users/mac/Work/kpmg/investment-management/node_modules/jsdom/lib/jsdom/living/generated/EventTarget.js:231:34)
    at Object.invokeGuardedCallbackDev (/Users/mac/Work/kpmg/investment-management/node_modules/react-dom/cjs/react-dom.development.js:3994:16)
    at invokeGuardedCallback (/Users/mac/Work/kpmg/investment-management/node_modules/react-dom/cjs/react-dom.development.js:4056:31)
    at beginWork$1 (/Users/mac/Work/kpmg/investment-management/node_modules/react-dom/cjs/react-dom.development.js:23964:7)
    at performUnitOfWork (/Users/mac/Work/kpmg/investment-management/node_modules/react-dom/cjs/react-dom.development.js:22779:12)
    at workLoopSync (/Users/mac/Work/kpmg/investment-management/node_modules/react-dom/cjs/react-dom.development.js:22707:5)
    at renderRootSync (/Users/mac/Work/kpmg/investment-management/node_modules/react-dom/cjs/react-dom.development.js:22670:7)
    at performSyncWorkOnRoot (/Users/mac/Work/kpmg/investment-management/node_modules/react-dom/cjs/react-dom.development.js:22293:18)
    at scheduleUpdateOnFiber (/Users/mac/Work/kpmg/investment-management/node_modules/react-dom/cjs/react-dom.development.js:21881:7)
    at updateContainer (/Users/mac/Work/kpmg/investment-management/node_modules/react-dom/cjs/react-dom.development.js:25482:3)
    at /Users/mac/Work/kpmg/investment-management/node_modules/react-dom/cjs/react-dom.development.js:26021:7
    at unbatchedUpdates (/Users/mac/Work/kpmg/investment-management/node_modules/react-dom/cjs/react-dom.development.js:22431:12)
    at legacyRenderSubtreeIntoContainer (/Users/mac/Work/kpmg/investment-management/node_modules/react-dom/cjs/react-dom.development.js:26020:5)
    at Object.render (/Users/mac/Work/kpmg/investment-management/node_modules/react-dom/cjs/react-dom.development.js:26103:10)
    at /Users/mac/Work/kpmg/investment-management/node_modules/@testing-library/react/dist/pure.js:101:25
    at batchedUpdates$1 (/Users/mac/Work/kpmg/investment-management/node_modules/react-dom/cjs/react-dom.development.js:22380:12)
    at act (/Users/mac/Work/kpmg/investment-management/node_modules/react-dom/cjs/react-dom-test-utils.development.js:1042:14)
    at render (/Users/mac/Work/kpmg/investment-management/node_modules/@testing-library/react/dist/pure.js:97:26)
    at Object.<anonymous> (/Users/mac/Work/kpmg/investment-management/src/__tests__/components/TopBar.test.tsx:39:9)
    at Promise.then.completed (/Users/mac/Work/kpmg/investment-management/node_modules/jest-circus/build/utils.js:391:28)
    at new Promise (<anonymous>)
    at callAsyncCircusFn (/Users/mac/Work/kpmg/investment-management/node_modules/jest-circus/build/utils.js:316:10)
    at _callCircusTest (/Users/mac/Work/kpmg/investment-management/node_modules/jest-circus/build/run.js:218:40)
    at processTicksAndRejections (node:internal/process/task_queues:95:5)
    at _runTest (/Users/mac/Work/kpmg/investment-management/node_modules/jest-circus/build/run.js:155:3)
    at _runTestsForDescribeBlock (/Users/mac/Work/kpmg/investment-management/node_modules/jest-circus/build/run.js:66:9)
    at run (/Users/mac/Work/kpmg/investment-management/node_modules/jest-circus/build/run.js:25:3)
    at runAndTransformResultsToJestFormat (/Users/mac/Work/kpmg/investment-management/node_modules/jest-circus/build/legacy-code-todo-rewrite/jestAdapterInit.js:170:21)
    at jestAdapter (/Users/mac/Work/kpmg/investment-management/node_modules/jest-circus/build/legacy-code-todo-rewrite/jestAdapter.js:82:19)
    at runTestInternal (/Users/mac/Work/kpmg/investment-management/node_modules/jest-runner/build/runTest.js:389:16)
    at runTest (/Users/mac/Work/kpmg/investment-management/node_modules/jest-runner/build/runTest.js:475:34)
    at Object.worker (/Users/mac/Work/kpmg/investment-management/node_modules/jest-runner/build/testWorker.js:133:12)]]></failure>
    </testCase>
    <testCase name="renders TopBar component" duration="11">
      <failure message="TypeError: (0 , _reactRouterDom.useNavigate) is not a function"><![CDATA[TypeError: (0 , _reactRouterDom.useNavigate) is not a function
    at Tabs (/Users/mac/Work/kpmg/investment-management/src/components/TopBar.tsx:35:31)
    at renderWithHooks (/Users/mac/Work/kpmg/investment-management/node_modules/react-dom/cjs/react-dom.development.js:14985:18)
    at mountIndeterminateComponent (/Users/mac/Work/kpmg/investment-management/node_modules/react-dom/cjs/react-dom.development.js:17811:13)
    at beginWork (/Users/mac/Work/kpmg/investment-management/node_modules/react-dom/cjs/react-dom.development.js:19049:16)
    at HTMLUnknownElement.callCallback (/Users/mac/Work/kpmg/investment-management/node_modules/react-dom/cjs/react-dom.development.js:3945:14)
    at HTMLUnknownElement.callTheUserObjectsOperation (/Users/mac/Work/kpmg/investment-management/node_modules/jsdom/lib/jsdom/living/generated/EventListener.js:26:30)
    at innerInvokeEventListeners (/Users/mac/Work/kpmg/investment-management/node_modules/jsdom/lib/jsdom/living/events/EventTarget-impl.js:338:25)
    at invokeEventListeners (/Users/mac/Work/kpmg/investment-management/node_modules/jsdom/lib/jsdom/living/events/EventTarget-impl.js:274:3)
    at HTMLUnknownElementImpl._dispatch (/Users/mac/Work/kpmg/investment-management/node_modules/jsdom/lib/jsdom/living/events/EventTarget-impl.js:221:9)
    at HTMLUnknownElementImpl.dispatchEvent (/Users/mac/Work/kpmg/investment-management/node_modules/jsdom/lib/jsdom/living/events/EventTarget-impl.js:94:17)
    at HTMLUnknownElement.dispatchEvent (/Users/mac/Work/kpmg/investment-management/node_modules/jsdom/lib/jsdom/living/generated/EventTarget.js:231:34)
    at Object.invokeGuardedCallbackDev (/Users/mac/Work/kpmg/investment-management/node_modules/react-dom/cjs/react-dom.development.js:3994:16)
    at invokeGuardedCallback (/Users/mac/Work/kpmg/investment-management/node_modules/react-dom/cjs/react-dom.development.js:4056:31)
    at beginWork$1 (/Users/mac/Work/kpmg/investment-management/node_modules/react-dom/cjs/react-dom.development.js:23964:7)
    at performUnitOfWork (/Users/mac/Work/kpmg/investment-management/node_modules/react-dom/cjs/react-dom.development.js:22779:12)
    at workLoopSync (/Users/mac/Work/kpmg/investment-management/node_modules/react-dom/cjs/react-dom.development.js:22707:5)
    at renderRootSync (/Users/mac/Work/kpmg/investment-management/node_modules/react-dom/cjs/react-dom.development.js:22670:7)
    at performSyncWorkOnRoot (/Users/mac/Work/kpmg/investment-management/node_modules/react-dom/cjs/react-dom.development.js:22293:18)
    at scheduleUpdateOnFiber (/Users/mac/Work/kpmg/investment-management/node_modules/react-dom/cjs/react-dom.development.js:21881:7)
    at updateContainer (/Users/mac/Work/kpmg/investment-management/node_modules/react-dom/cjs/react-dom.development.js:25482:3)
    at /Users/mac/Work/kpmg/investment-management/node_modules/react-dom/cjs/react-dom.development.js:26021:7
    at unbatchedUpdates (/Users/mac/Work/kpmg/investment-management/node_modules/react-dom/cjs/react-dom.development.js:22431:12)
    at legacyRenderSubtreeIntoContainer (/Users/mac/Work/kpmg/investment-management/node_modules/react-dom/cjs/react-dom.development.js:26020:5)
    at Object.render (/Users/mac/Work/kpmg/investment-management/node_modules/react-dom/cjs/react-dom.development.js:26103:10)
    at /Users/mac/Work/kpmg/investment-management/node_modules/@testing-library/react/dist/pure.js:101:25
    at batchedUpdates$1 (/Users/mac/Work/kpmg/investment-management/node_modules/react-dom/cjs/react-dom.development.js:22380:12)
    at act (/Users/mac/Work/kpmg/investment-management/node_modules/react-dom/cjs/react-dom-test-utils.development.js:1042:14)
    at render (/Users/mac/Work/kpmg/investment-management/node_modules/@testing-library/react/dist/pure.js:97:26)
    at Object.<anonymous> (/Users/mac/Work/kpmg/investment-management/src/__tests__/components/TopBar.test.tsx:83:9)
    at Promise.then.completed (/Users/mac/Work/kpmg/investment-management/node_modules/jest-circus/build/utils.js:391:28)
    at new Promise (<anonymous>)
    at callAsyncCircusFn (/Users/mac/Work/kpmg/investment-management/node_modules/jest-circus/build/utils.js:316:10)
    at _callCircusTest (/Users/mac/Work/kpmg/investment-management/node_modules/jest-circus/build/run.js:218:40)
    at processTicksAndRejections (node:internal/process/task_queues:95:5)
    at _runTest (/Users/mac/Work/kpmg/investment-management/node_modules/jest-circus/build/run.js:155:3)
    at _runTestsForDescribeBlock (/Users/mac/Work/kpmg/investment-management/node_modules/jest-circus/build/run.js:66:9)
    at run (/Users/mac/Work/kpmg/investment-management/node_modules/jest-circus/build/run.js:25:3)
    at runAndTransformResultsToJestFormat (/Users/mac/Work/kpmg/investment-management/node_modules/jest-circus/build/legacy-code-todo-rewrite/jestAdapterInit.js:170:21)
    at jestAdapter (/Users/mac/Work/kpmg/investment-management/node_modules/jest-circus/build/legacy-code-todo-rewrite/jestAdapter.js:82:19)
    at runTestInternal (/Users/mac/Work/kpmg/investment-management/node_modules/jest-runner/build/runTest.js:389:16)
    at runTest (/Users/mac/Work/kpmg/investment-management/node_modules/jest-runner/build/runTest.js:475:34)
    at Object.worker (/Users/mac/Work/kpmg/investment-management/node_modules/jest-runner/build/testWorker.js:133:12)]]></failure>
    </testCase>
  </file>
  <file path="/Users/mac/Work/kpmg/investment-management/src/__tests__/utils/formatCurrency.test.tsx">
    <testCase name="formatCurrency should return a formatted currency string with default parameters" duration="64">
      <failure message="Error: expect(received).toBe(expected) // Object.is equality"><![CDATA[Error: expect(received).toBe(expected) // Object.is equality

Expected: "₦1,000"
Received: "NGN 1,000"
    at Object.<anonymous> (/Users/mac/Work/kpmg/investment-management/src/__tests__/utils/formatCurrency.test.tsx:11:22)
    at Promise.then.completed (/Users/mac/Work/kpmg/investment-management/node_modules/jest-circus/build/utils.js:391:28)
    at new Promise (<anonymous>)
    at callAsyncCircusFn (/Users/mac/Work/kpmg/investment-management/node_modules/jest-circus/build/utils.js:316:10)
    at _callCircusTest (/Users/mac/Work/kpmg/investment-management/node_modules/jest-circus/build/run.js:218:40)
    at processTicksAndRejections (node:internal/process/task_queues:95:5)
    at _runTest (/Users/mac/Work/kpmg/investment-management/node_modules/jest-circus/build/run.js:155:3)
    at _runTestsForDescribeBlock (/Users/mac/Work/kpmg/investment-management/node_modules/jest-circus/build/run.js:66:9)
    at _runTestsForDescribeBlock (/Users/mac/Work/kpmg/investment-management/node_modules/jest-circus/build/run.js:60:9)
    at run (/Users/mac/Work/kpmg/investment-management/node_modules/jest-circus/build/run.js:25:3)
    at runAndTransformResultsToJestFormat (/Users/mac/Work/kpmg/investment-management/node_modules/jest-circus/build/legacy-code-todo-rewrite/jestAdapterInit.js:170:21)
    at jestAdapter (/Users/mac/Work/kpmg/investment-management/node_modules/jest-circus/build/legacy-code-todo-rewrite/jestAdapter.js:82:19)
    at runTestInternal (/Users/mac/Work/kpmg/investment-management/node_modules/jest-runner/build/runTest.js:389:16)
    at runTest (/Users/mac/Work/kpmg/investment-management/node_modules/jest-runner/build/runTest.js:475:34)
    at Object.worker (/Users/mac/Work/kpmg/investment-management/node_modules/jest-runner/build/testWorker.js:133:12)]]></failure>
    </testCase>
    <testCase name="formatCurrency should return a formatted currency string with custom fraction and currency parameters" duration="2"/>
    <testCase name="formatCurrency should return a formatted currency string with custom fraction, currency, and price parameters" duration="1"/>
    <testCase name="formatCurrency should return a formatted currency string with a price of 0" duration="2">
      <failure message="Error: expect(received).toBe(expected) // Object.is equality"><![CDATA[Error: expect(received).toBe(expected) // Object.is equality

Expected: "₦0"
Received: "NGN 0"
    at Object.<anonymous> (/Users/mac/Work/kpmg/investment-management/src/__tests__/utils/formatCurrency.test.tsx:39:22)
    at Promise.then.completed (/Users/mac/Work/kpmg/investment-management/node_modules/jest-circus/build/utils.js:391:28)
    at new Promise (<anonymous>)
    at callAsyncCircusFn (/Users/mac/Work/kpmg/investment-management/node_modules/jest-circus/build/utils.js:316:10)
    at _callCircusTest (/Users/mac/Work/kpmg/investment-management/node_modules/jest-circus/build/run.js:218:40)
    at processTicksAndRejections (node:internal/process/task_queues:95:5)
    at _runTest (/Users/mac/Work/kpmg/investment-management/node_modules/jest-circus/build/run.js:155:3)
    at _runTestsForDescribeBlock (/Users/mac/Work/kpmg/investment-management/node_modules/jest-circus/build/run.js:66:9)
    at _runTestsForDescribeBlock (/Users/mac/Work/kpmg/investment-management/node_modules/jest-circus/build/run.js:60:9)
    at run (/Users/mac/Work/kpmg/investment-management/node_modules/jest-circus/build/run.js:25:3)
    at runAndTransformResultsToJestFormat (/Users/mac/Work/kpmg/investment-management/node_modules/jest-circus/build/legacy-code-todo-rewrite/jestAdapterInit.js:170:21)
    at jestAdapter (/Users/mac/Work/kpmg/investment-management/node_modules/jest-circus/build/legacy-code-todo-rewrite/jestAdapter.js:82:19)
    at runTestInternal (/Users/mac/Work/kpmg/investment-management/node_modules/jest-runner/build/runTest.js:389:16)
    at runTest (/Users/mac/Work/kpmg/investment-management/node_modules/jest-runner/build/runTest.js:475:34)
    at Object.worker (/Users/mac/Work/kpmg/investment-management/node_modules/jest-runner/build/testWorker.js:133:12)]]></failure>
    </testCase>
    <testCase name="formatCurrency should return a formatted currency string with a negative price" duration="1">
      <failure message="Error: expect(received).toBe(expected) // Object.is equality"><![CDATA[Error: expect(received).toBe(expected) // Object.is equality

Expected: "-₦1,000"
Received: "-NGN 1,000"
    at Object.<anonymous> (/Users/mac/Work/kpmg/investment-management/src/__tests__/utils/formatCurrency.test.tsx:47:22)
    at Promise.then.completed (/Users/mac/Work/kpmg/investment-management/node_modules/jest-circus/build/utils.js:391:28)
    at new Promise (<anonymous>)
    at callAsyncCircusFn (/Users/mac/Work/kpmg/investment-management/node_modules/jest-circus/build/utils.js:316:10)
    at _callCircusTest (/Users/mac/Work/kpmg/investment-management/node_modules/jest-circus/build/run.js:218:40)
    at processTicksAndRejections (node:internal/process/task_queues:95:5)
    at _runTest (/Users/mac/Work/kpmg/investment-management/node_modules/jest-circus/build/run.js:155:3)
    at _runTestsForDescribeBlock (/Users/mac/Work/kpmg/investment-management/node_modules/jest-circus/build/run.js:66:9)
    at _runTestsForDescribeBlock (/Users/mac/Work/kpmg/investment-management/node_modules/jest-circus/build/run.js:60:9)
    at run (/Users/mac/Work/kpmg/investment-management/node_modules/jest-circus/build/run.js:25:3)
    at runAndTransformResultsToJestFormat (/Users/mac/Work/kpmg/investment-management/node_modules/jest-circus/build/legacy-code-todo-rewrite/jestAdapterInit.js:170:21)
    at jestAdapter (/Users/mac/Work/kpmg/investment-management/node_modules/jest-circus/build/legacy-code-todo-rewrite/jestAdapter.js:82:19)
    at runTestInternal (/Users/mac/Work/kpmg/investment-management/node_modules/jest-runner/build/runTest.js:389:16)
    at runTest (/Users/mac/Work/kpmg/investment-management/node_modules/jest-runner/build/runTest.js:475:34)
    at Object.worker (/Users/mac/Work/kpmg/investment-management/node_modules/jest-runner/build/testWorker.js:133:12)]]></failure>
    </testCase>
  </file>
  <file path="/Users/mac/Work/kpmg/investment-management/src/__tests__/utils/handleDropdown.test.tsx">
    <testCase name="handleDropdown should return an array of dropdown options when valid status and type are provided" duration="2"/>
    <testCase name="handleDropdown should return an empty array when an invalid status is provided" duration="1"/>
    <testCase name="handleDropdown should return an empty array when either status or type is falsy" duration="1"/>
    <testCase name="handleDropdown should return an array of options based on status and type" duration="20">
      <failure message="Error: expect(received).toEqual(expected) // deep equality"><![CDATA[Error: expect(received).toEqual(expected) // deep equality

- Expected  - 7
+ Received  + 1

- Array [
-   Object {
-     "icon": "FaEye",
-     "id": "",
-     "text": "View",
-   },
- ]
+ Array []
    at Object.<anonymous> (/Users/mac/Work/kpmg/investment-management/src/__tests__/utils/handleDropdown.test.tsx:46:20)
    at Promise.then.completed (/Users/mac/Work/kpmg/investment-management/node_modules/jest-circus/build/utils.js:391:28)
    at new Promise (<anonymous>)
    at callAsyncCircusFn (/Users/mac/Work/kpmg/investment-management/node_modules/jest-circus/build/utils.js:316:10)
    at _callCircusTest (/Users/mac/Work/kpmg/investment-management/node_modules/jest-circus/build/run.js:218:40)
    at processTicksAndRejections (node:internal/process/task_queues:95:5)
    at _runTest (/Users/mac/Work/kpmg/investment-management/node_modules/jest-circus/build/run.js:155:3)
    at _runTestsForDescribeBlock (/Users/mac/Work/kpmg/investment-management/node_modules/jest-circus/build/run.js:66:9)
    at _runTestsForDescribeBlock (/Users/mac/Work/kpmg/investment-management/node_modules/jest-circus/build/run.js:60:9)
    at run (/Users/mac/Work/kpmg/investment-management/node_modules/jest-circus/build/run.js:25:3)
    at runAndTransformResultsToJestFormat (/Users/mac/Work/kpmg/investment-management/node_modules/jest-circus/build/legacy-code-todo-rewrite/jestAdapterInit.js:170:21)
    at jestAdapter (/Users/mac/Work/kpmg/investment-management/node_modules/jest-circus/build/legacy-code-todo-rewrite/jestAdapter.js:82:19)
    at runTestInternal (/Users/mac/Work/kpmg/investment-management/node_modules/jest-runner/build/runTest.js:389:16)
    at runTest (/Users/mac/Work/kpmg/investment-management/node_modules/jest-runner/build/runTest.js:475:34)
    at Object.worker (/Users/mac/Work/kpmg/investment-management/node_modules/jest-runner/build/testWorker.js:133:12)]]></failure>
    </testCase>
    <testCase name="handleDropdown should filter options based on permissions if CREATE_PRODUCT is not included" duration="3">
      <failure message="Error: expect(received).toEqual(expected) // deep equality"><![CDATA[Error: expect(received).toEqual(expected) // deep equality

- Expected  - 12
+ Received  +  1

- Array [
-   Object {
-     "icon": "FaEye",
-     "id": "View",
-     "text": "View",
-   },
-   Object {
-     "icon": "FaTrash",
-     "id": "",
-     "text": "Withdraw & Delete Request",
-   },
- ]
+ Array []
    at Object.<anonymous> (/Users/mac/Work/kpmg/investment-management/src/__tests__/utils/handleDropdown.test.tsx:77:20)
    at Promise.then.completed (/Users/mac/Work/kpmg/investment-management/node_modules/jest-circus/build/utils.js:391:28)
    at new Promise (<anonymous>)
    at callAsyncCircusFn (/Users/mac/Work/kpmg/investment-management/node_modules/jest-circus/build/utils.js:316:10)
    at _callCircusTest (/Users/mac/Work/kpmg/investment-management/node_modules/jest-circus/build/run.js:218:40)
    at processTicksAndRejections (node:internal/process/task_queues:95:5)
    at _runTest (/Users/mac/Work/kpmg/investment-management/node_modules/jest-circus/build/run.js:155:3)
    at _runTestsForDescribeBlock (/Users/mac/Work/kpmg/investment-management/node_modules/jest-circus/build/run.js:66:9)
    at _runTestsForDescribeBlock (/Users/mac/Work/kpmg/investment-management/node_modules/jest-circus/build/run.js:60:9)
    at run (/Users/mac/Work/kpmg/investment-management/node_modules/jest-circus/build/run.js:25:3)
    at runAndTransformResultsToJestFormat (/Users/mac/Work/kpmg/investment-management/node_modules/jest-circus/build/legacy-code-todo-rewrite/jestAdapterInit.js:170:21)
    at jestAdapter (/Users/mac/Work/kpmg/investment-management/node_modules/jest-circus/build/legacy-code-todo-rewrite/jestAdapter.js:82:19)
    at runTestInternal (/Users/mac/Work/kpmg/investment-management/node_modules/jest-runner/build/runTest.js:389:16)
    at runTest (/Users/mac/Work/kpmg/investment-management/node_modules/jest-runner/build/runTest.js:475:34)
    at Object.worker (/Users/mac/Work/kpmg/investment-management/node_modules/jest-runner/build/testWorker.js:133:12)]]></failure>
    </testCase>
    <testCase name="handleDropdown should return an empty array if status is not found in firstLevel" duration="1"/>
  </file>
  <file path="/Users/mac/Work/kpmg/investment-management/src/__tests__/forms/ComboSelect.test.tsx">
    <testCase name="ComboSelect renders without crashing" duration="25"/>
    <testCase name="ComboSelect matches snapshot" duration="10"/>
    <testCase name="ComboSelect should open the dropdown when the button is clicked" duration="156"/>
    <testCase name="ComboSelect should update selected options when all products and their members are selected" duration="41"/>
    <testCase name="ComboSelect should update selected options when a product and its members are deselected" duration="25"/>
    <testCase name="ComboSelect should update selected options when all products and their members are deselected" duration="74"/>
    <testCase name="ComboSelect should filter the options correctly when searching for a product" duration="39"/>
    <testCase name="ComboSelect should update selected options when a product and its members are selected" duration="68"/>
    <testCase name="closeDropdown should set isOpen state to false when called with setIsOpen(false)" duration="4"/>
    <testCase name="closeDropdown should not throw an error when called with setIsOpen(undefined)" duration="1"/>
    <testCase name="closeDropdown should not throw an error when called with setIsOpen(null)" duration="1"/>
    <testCase name="closeDropdown should not throw an error when called with setIsOpen(0)" duration="1"/>
    <testCase name="closeDropdown should not throw an error when called with setIsOpen(&quot;&quot;)" duration="1"/>
    <testCase name="closeDropdown should not throw an error when called with setIsOpen({})" duration="3"/>
    <testCase name="handleChange should add a new product to selOptions if it doesnt exist" duration="1"/>
    <testCase name="handleChange should remove a product from selOptions if it already exists" duration="3"/>
    <testCase name="productContainsMember should return true when the product contains the member" duration="1"/>
    <testCase name="productContainsMember should return false when the product does not contain the member" duration="0"/>
    <testCase name="productContainsMember should return false when the product is empty" duration="1"/>
    <testCase name="productContainsMember should return false when the member is empty" duration="1"/>
    <testCase name="productContainsMember should return false when the member is null" duration="0"/>
    <testCase name="addNewProduct should return a new array with the new product added to the end of the input array" duration="2"/>
    <testCase name="addNewProduct should not modify the input array" duration="1"/>
    <testCase name="addNewProduct should work with an empty input array" duration="1"/>
    <testCase name="createProduct should return an object with &quot;product&quot; and &quot;members&quot; properties when valid id and members are provided" duration="1"/>
    <testCase name="createProduct should return an object with an empty &quot;members&quot; array when no members are provided" duration="0"/>
    <testCase name="createProduct should handle special characters and spaces in id and member names" duration="1"/>
    <testCase name="createProduct should handle a large number of members" duration="40"/>
    <testCase name="createProduct should handle empty strings as id and member names" duration="1"/>
    <testCase name="handleMemberToggle should add member to product when member is not selected" duration="1"/>
    <testCase name="handleMemberToggle should remove member from product when member is already selected" duration="4"/>
    <testCase name="handleMemberToggle should add product and member to selected options when product is not selected" duration="1"/>
    <testCase name="handleMemberToggle should add member to product when product is already selected but with no members" duration="1"/>
    <testCase name="handleMemberToggle should add member to product when product is already selected with other members" duration="1"/>
    <testCase name="addMemberToProduct should add a member to a product with no existing members" duration="0"/>
    <testCase name="addMemberToProduct should add a member to a product with existing members" duration="2"/>
    <testCase name="addMemberToProduct should return the original products array if memberId is undefined" duration="1"/>
    <testCase name="addMemberToProduct should return the original products array if memberId is already in the product" duration="1"/>
    <testCase name="removeMemberFromProduct should remove a member from a product with multiple members" duration="1"/>
    <testCase name="removeMemberFromProduct should remove a member from a product with only one member" duration="1"/>
    <testCase name="removeMemberFromProduct should handle removing a non-existent member from a product" duration="1"/>
  </file>
  <file path="/Users/mac/Work/kpmg/investment-management/src/__tests__/forms/FormUpload.test.tsx">
    <testCase name="FormUpload renders without crashing" duration="36"/>
    <testCase name="FormUpload matches snapshot" duration="16"/>
    <testCase name="FormUpload should reset all state variables when handleReset is called" duration="17"/>
    <testCase name="handleFileChange should select a file and set the file type correctly" duration="3"/>
    <testCase name="handleFileChange should set an error message when the file size exceeds the maximum allowed size" duration="1"/>
    <testCase name="handleFileChange should set an error message when no file is selected" duration="1"/>
    <testCase name="handleFileChange should display an error message when selecting a file with an invalid extension" duration="4"/>
    <testCase name="FormUpload should display error message when selecting a file with an unsupported file type" duration="56"/>
    <testCase name="handleDrag should set dragActive to true when dragenter event is triggered" duration="2"/>
    <testCase name="handleDrag should set dragActive to true when dragover event is triggered" duration="6"/>
    <testCase name="handleDrag should set dragActive to false when dragleave event is triggered" duration="1"/>
    <testCase name="handleReset should reset upload data to an empty array" duration="1"/>
    <testCase name="handleReset should set status to null" duration="1"/>
    <testCase name="handleDrop should read and process a valid file when dropped" duration="10"/>
    <testCase name="handleDrop should process a file with a valid file type when dropped" duration="1"/>
    <testCase name="handleDrop should read and process a file with a valid file type when dropped" duration="5"/>
    <testCase name="handleDrop should process a file with a valid file type when dropped" duration="1"/>
    <testCase name="handleDrop should process a file with a valid file type when dropped" duration="0"/>
    <testCase name="handleDrop should set an error message when the file type is not supported" duration="1"/>
    <testCase name="handleDrop should set the base64 image correctly when the file is read" duration="1"/>
  </file>
  <file path="/Users/mac/Work/kpmg/investment-management/src/__tests__/modals/Status.test.tsx">
    <testCase name="Success Modal renders without crashing" duration="7"/>
    <testCase name="Success Modal matches snapshot" duration="38"/>
    <testCase name="Success Modal can close modal pathname !== /product-management" duration="131"/>
    <testCase name="Success Modal can close modal when canclose is true" duration="79"/>
    <testCase name="Prompt Modal renders without crashing" duration="3"/>
    <testCase name="Prompt Modal matches snapshot" duration="28"/>
    <testCase name="Prompt Modal can close modal pathname !== /product-management" duration="39"/>
    <testCase name="Prompt Modal can close modal when canclose is true" duration="65"/>
    <testCase name="Failed Modal matches snapshot" duration="4"/>
    <testCase name="Failed Modal can close modal pathname !== /product-management" duration="111"/>
    <testCase name="Failed Modal can close modal when canclose is true" duration="119"/>
  </file>
  <file path="/Users/mac/Work/kpmg/investment-management/src/__tests__/App.test.tsx">
    <testCase name="Test App Component If App is rendered wihout issues" duration="24"/>
  </file>
  <file path="/Users/mac/Work/kpmg/investment-management/src/__tests__/modals/Approved.test.tsx">
    <testCase name="ApprovedSuccess Modal renders without crashing" duration="5"/>
    <testCase name="ApprovedSuccess Modal matches snapshot" duration="4"/>
    <testCase name="ApprovedSuccess Modal closes modal when cancel clicked" duration="376"/>
    <testCase name="ApprovedSuccess Modal calls onConfirm when form submitted" duration="200"/>
  </file>
  <file path="/Users/mac/Work/kpmg/investment-management/src/__tests__/forms/Select.test.tsx">
    <testCase name="Select renders without crashing" duration="33"/>
    <testCase name="Select matches snapshot" duration="12"/>
    <testCase name="Select shows the selected option" duration="7"/>
    <testCase name="Select opens the dropdown when clicked" duration="107"/>
    <testCase name="Select calls onChange when option selected" duration="197"/>
  </file>
  <file path="/Users/mac/Work/kpmg/investment-management/src/__tests__/components/ProductSearch.test.tsx">
    <testCase name="search input calls setSearchTerm function with debounce on input change" duration="51"/>
    <testCase name="classNames should concatenate all truthy class names into a single string" duration="1"/>
    <testCase name="classNames should ignore all falsy class names" duration="19"/>
    <testCase name="classNames should handle multiple truthy and falsy class names" duration="1"/>
    <testCase name="classNames should handle empty input" duration="0"/>
    <testCase name="classNames should handle input with only one truthy class name" duration="1"/>
    <testCase name="ProductSearch renders without crashing" duration="90"/>
    <testCase name="ProductSearch shows placeholder text" duration="27"/>
    <testCase name="ProductSearch filters options by search query" duration="15"/>
    <testCase name="ProductSearch renders the component with placeholder" duration="29"/>
    <testCase name="ProductSearch displays options when typing in the input" duration="35"/>
    <testCase name="ProductSearch applies the correct class when an option is active" duration="72"/>
    <testCase name="ProductSearch applies the correct class when an option is selected" duration="37"/>
  </file>
  <file path="/Users/mac/Work/kpmg/investment-management/src/__tests__/components/Dropdown.test.tsx">
    <testCase name="Dropdown renders without crashing" duration="32"/>
    <testCase name="Dropdown matches snapshot" duration="50"/>
    <testCase name="Dropdown selects the right icon" duration="23"/>
    <testCase name="Dropdown renders right icon when button is clicked" duration="205"/>
    <testCase name="Dropdown applies active class to the selected option" duration="158"/>
  </file>
  <file path="/Users/mac/Work/kpmg/investment-management/src/__tests__/components/Loader.test.tsx">
    <testCase name="Breadcrumbs renders without crashing" duration="28"/>
    <testCase name="Breadcrumbs matches snapshot" duration="7"/>
    <testCase name="Loader should render Loader component when isOpen is true" duration="133"/>
    <testCase name="Loader should not render Loader component when isOpen is false" duration="11"/>
    <testCase name="Loader should not throw an error when setIsOpen is not provided" duration="73"/>
    <testCase name="Loader should spin the AiOutlineLoading icon when Loader component is rendered" duration="66"/>
    <testCase name="Loader should display the text prop in the Loader component" duration="76"/>
  </file>
  <file path="/Users/mac/Work/kpmg/investment-management/src/__tests__/components/Button.test.tsx">
    <testCase name="Button renders without crashing" duration="64"/>
    <testCase name="Button renders children" duration="4"/>
    <testCase name="Button applies custom className" duration="3"/>
    <testCase name="Button can show loader" duration="8"/>
    <testCase name="Button can hide loader" duration="3"/>
    <testCase name="Button can render button elements" duration="3"/>
    <testCase name="Button calls onClick handler" duration="24"/>
  </file>
  <file path="/Users/mac/Work/kpmg/investment-management/src/__tests__/modals/Layout.test.tsx">
    <testCase name="Layout renders children and opens and closes the modal" duration="90"/>
    <testCase name="Layout should not render children when isOpen is false" duration="50"/>
    <testCase name="Layout should render dialog with correct data-testid" duration="33"/>
  </file>
  <file path="/Users/mac/Work/kpmg/investment-management/src/__tests__/utils/ucObjectKeys.test.tsx">
    <testCase name="ucObjectKeys should throw an error when the input is not an array" duration="19"/>
    <testCase name="ucObjectKeys should handle an array with non-object elements as input" duration="2"/>
    <testCase name="ucObjectKeys should capitalize the keys of an array of objects with different keys" duration="1"/>
    <testCase name="ucObjectKeys should capitalize the keys of an array of objects with same keys" duration="2"/>
  </file>
  <file path="/Users/mac/Work/kpmg/investment-management/src/__tests__/utils/handleColorState.test.tsx">
    <testCase name="handleColorState should return the correct color state for the value &quot;approved&quot;" duration="2"/>
    <testCase name="handleColorState should return the correct color state for the value &quot;A&quot;" duration="0"/>
    <testCase name="handleColorState should return the correct color state for the value &quot;in-review&quot;" duration="1"/>
    <testCase name="handleColorState should return the correct color state for the value &quot;P&quot;" duration="1"/>
    <testCase name="handleColorState should return the correct color state for the value &quot;in-issue&quot;" duration="0"/>
    <testCase name="handleColorState should return the correct color state for the value &quot;R&quot;" duration="2"/>
    <testCase name="handleColorState should return the correct color state for the value &quot;draft&quot;" duration="1"/>
    <testCase name="handleColorState should return the correct color state for the value &quot;D&quot;" duration="1"/>
    <testCase name="handleColorState should return the correct color state for the value &quot;I&quot;" duration="1"/>
  </file>
  <file path="/Users/mac/Work/kpmg/investment-management/src/__tests__/components/ShareButton.test.tsx">
    <testCase name="ShareButton renders without crashing" duration="8"/>
    <testCase name="ShareButton triggers the share action when clicked" duration="3"/>
  </file>
  <file path="/Users/mac/Work/kpmg/investment-management/src/__tests__/Sterling-investment.tsx">
    <testCase name="microfrontend bootstraps the app" duration="12"/>
    <testCase name="microfrontend mounts and unmounts" duration="4"/>
  </file>
  <file path="/Users/mac/Work/kpmg/investment-management/src/__tests__/components/DownloadButton.tsx">
    <testCase name="DownloadButton should call handleDownload function when button is clicked" duration="75"/>
    <testCase name="DownloadButton should display the text Download" duration="4"/>
    <testCase name="DownloadButton should not throw an error when handleDownload is not provided" duration="3"/>
    <testCase name="DownloadButton should have the correct class name, type attribute, text color, background color, and gap between icon and text" duration="7"/>
  </file>
  <file path="/Users/mac/Work/kpmg/investment-management/src/__tests__/components/BottomBarLoader.test.tsx">
    <testCase name="renders the BottomBarLoader component" duration="54"/>
  </file>
  <file path="/Users/mac/Work/kpmg/investment-management/src/__tests__/components/SearchInput.test.tsx">
    <testCase name="handleInputChange should call setInputValue with the event target value" duration="10"/>
    <testCase name="SearchInput should render search input field with default props" duration="27"/>
    <testCase name="SearchInput applies custom CSS classes" duration="97"/>
    <testCase name="SearchInput should update input field when user inputs a search term" duration="13"/>
    <testCase name="SearchInput should update input field when user inputs a search term and isTruncated is true" duration="5"/>
  </file>
  <file path="/Users/mac/Work/kpmg/investment-management/src/__tests__/utils/parseQueryParams.test.tsx">
    <testCase name="parseQueryParams should return an instance of URLSearchParams when called with valid query params" duration="3"/>
    <testCase name="parseQueryParams should append all non-array query params to the URLSearchParams instance" duration="3"/>
    <testCase name="parseQueryParams should append all items in an array query param to the URLSearchParams instance" duration="2"/>
    <testCase name="parseQueryParams should set boolean query params to their corresponding key in the URLSearchParams instance" duration="1"/>
    <testCase name="parseQueryParams should handle an empty query params object" duration="22"/>
    <testCase name="parseQueryParams should handle a query params object with null or undefined values" duration="1"/>
  </file>
  <file path="/Users/mac/Work/kpmg/investment-management/src/__tests__/components/ActivityLog.tsx">
    <testCase name="renders the ActivityLog component with loading state" duration="19"/>
    <testCase name="renders the ActivityLog component with no activities" duration="4"/>
    <testCase name="renders the ActivityLog component with activities" duration="62"/>
  </file>
  <file path="/Users/mac/Work/kpmg/investment-management/src/__tests__/layouts/AuthGuard.test.tsx">
    <testCase name="AuthGuard shows content if authenticated" duration="18"/>
    <testCase name="should return children when isAuthenticated is true" duration="3"/>
  </file>
  <file path="/Users/mac/Work/kpmg/investment-management/src/__tests__/components/AppWrapper.test.tsx">
    <testCase name="AppWrapper Component renders children within the Provider component" duration="53"/>
  </file>
  <file path="/Users/mac/Work/kpmg/investment-management/src/__tests__/layouts/Layout.test.tsx">
    <testCase name="Layout renders AuthGuard and Outlet components" duration="39"/>
    <testCase name="handleRole should handle cases where is_superuser property is not a boolean" duration="1"/>
    <testCase name="handleRole should handle cases where is_superuser property is not a boolean" duration="1"/>
    <testCase name="handleRole should handle cases where is_superuser property is not present in user object" duration="1"/>
  </file>
  <file path="/Users/mac/Work/kpmg/investment-management/src/__tests__/utils/capitalizeFirstLetter.test.tsx">
    <testCase name="capitalizeFirstLetter should capitalize the first letter of a string with one word" duration="2"/>
    <testCase name="capitalizeFirstLetter should capitalize the first letter of the first word in a string with multiple words" duration="1"/>
    <testCase name="capitalizeFirstLetter should return an empty string if the input is an empty string" duration="0"/>
    <testCase name="capitalizeFirstLetter should return the input if its not a string" duration="0"/>
    <testCase name="capitalizeFirstLetter should capitalize the first letter of a string with only one letter" duration="1"/>
    <testCase name="capitalizeFirstLetter should capitalize the first letter of a string with non-alphabetic characters after the first letter" duration="1"/>
    <testCase name="capitalizeFirstLetter should capitalize the first letter of a string with numbers as the first letter" duration="20"/>
    <testCase name="capitalizeFirstLetter should capitalize the first letter of a string with a non-ASCII character as the first letter" duration="2"/>
    <testCase name="capitalizeFirstLetter should capitalize the first letter of a string with a non-ASCII character after the first letter" duration="6"/>
    <testCase name="capitalizeFirstLetter should capitalize the first letter of a string with multiple spaces between words" duration="1"/>
    <testCase name="capitalizeFirstLetter should capitalize the first letter of a non-empty string" duration="1"/>
    <testCase name="capitalizeFirstLetter should not modify an empty string" duration="1"/>
    <testCase name="capitalizeFirstLetter should return the input if it&apos;s not a string" duration="1"/>
    <testCase name="capitalizeFirstLetter should capitalize the first letter of a single-word string" duration="1"/>
    <testCase name="capitalizeFirstLetter should capitalize the first letter of each word in a sentence" duration="1"/>
    <testCase name="capitalizeFirstLetter should not modify a string with only non-alphabetic characters" duration="1"/>
    <testCase name="capitalizeFirstLetter should handle mixed case strings" duration="1"/>
    <testCase name="capitalizeFirstLetter should return a string with the first letter capitalized when input is a non-empty string" duration="1"/>
    <testCase name="capitalizeFirstLetter should return an empty string when input is an empty string" duration="14"/>
    <testCase name="capitalizeFirstLetter should return the input when it is not a string" duration="1"/>
    <testCase name="capitalizeFirstLetter should return the input when it is null" duration="0"/>
    <testCase name="capitalizeFirstLetter should return the input when it is undefined" duration="1"/>
    <testCase name="capitalizeFirstLetter should return the input when it is a number" duration="23"/>
  </file>
  <file path="/Users/mac/Work/kpmg/investment-management/src/__tests__/utils/checkEmpty.test.tsx">
    <testCase name="checkEmpty should return an empty array when all objects have all required properties" duration="3"/>
    <testCase name="checkEmpty should return an array with objects that have missing required properties" duration="1"/>
    <testCase name="checkEmpty should return an empty array when uploadData is empty" duration="2"/>
    <testCase name="checkEmpty should return an array with objects that have all required properties when uploadData contains only such objects" duration="1"/>
    <testCase name="checkEmpty should return an array with objects that have missing required properties when uploadData contains only such objects" duration="1"/>
    <testCase name="checkEmpty should return an array with objects that have missing required properties when uploadData contains objects with missing and objects with all required properties" duration="1"/>
  </file>
  <file path="/Users/mac/Work/kpmg/investment-management/src/__tests__/utils/isNewLocation.test.tsx">
    <testCase name="isNewLocation should return false when oldData is null" duration="2"/>
    <testCase name="isNewLocation should return false when oldData is undefined" duration="1"/>
    <testCase name="isNewLocation should return false when all properties match" duration="1"/>
    <testCase name="isNewLocation should return true when at least one property does not match" duration="1"/>
    <testCase name="isNewLocation should return true when newData is null" duration="1"/>
    <testCase name="isNewLocation should return true when oldData is null and newData is defined" duration="1"/>
    <testCase name="isNewLocation should return false when oldData and newData are both null" duration="1"/>
  </file>
  <file path="/Users/mac/Work/kpmg/investment-management/src/__tests__/components/PreLoader.test.tsx">
    <testCase name="renders the PreLoader component" duration="9"/>
  </file>
  <file path="/Users/mac/Work/kpmg/investment-management/src/__tests__/utils/handleUserView.test.tsx">
    <testCase name="handleUserView should return &quot;in-review&quot; when value is &quot;P&quot; and checker is false" duration="3"/>
    <testCase name="handleUserView should return &quot;pending&quot; when value is &quot;P&quot; and checker is true" duration="4"/>
    <testCase name="handleUserView should return &quot;draft&quot; when value is &quot;D&quot;" duration="1"/>
    <testCase name="handleUserView should return &quot;approved&quot; when value is &quot;A&quot;" duration="1"/>
    <testCase name="handleUserView should return &quot;in-issue&quot; when value is &quot;I&quot; and checker is false" duration="1"/>
    <testCase name="handleUserView should return &quot;rejected&quot; when value is &quot;I&quot; and checker is true" duration="9"/>
    <testCase name="handleUserView should return &quot;in-issue&quot; when value is &quot;R&quot; and checker is false" duration="2"/>
    <testCase name="handleUserView should return &quot;rejected&quot; when value is &quot;R&quot; and checker is true" duration="2"/>
    <testCase name="handleUserView should return valye when value is &quot;T&quot; and checker is true" duration="0"/>
  </file>
  <file path="/Users/mac/Work/kpmg/investment-management/src/__tests__/utils/capitalizeObjectKeys.test.tsx">
    <testCase name="capitalizeObjectKeys should return an empty array when given an empty array" duration="7"/>
    <testCase name="capitalizeObjectKeys should return an array of objects with capitalized keys when given an array of objects with lowercase keys" duration="1"/>
    <testCase name="capitalizeObjectKeys should throw an error when given a non-array input" duration="5"/>
    <testCase name="capitalizeObjectKeys should return an array of objects with capitalized keys when given an array of objects with mixed case keys" duration="1"/>
    <testCase name="capitalizeObjectKeys should return an array of objects with capitalized keys when given an array of objects with only one key" duration="1"/>
    <testCase name="capitalizeObjectKeys should return an array of objects with capitalized keys when given an array of objects with only non-string keys" duration="1"/>
    <testCase name="capitalizeObjectKeys should handle objects without own properties" duration="1"/>
  </file>
  <file path="/Users/mac/Work/kpmg/investment-management/src/__tests__/utils/downloadFile.test.tsx">
    <testCase name="downloadUsingFetch should download file" duration="19"/>
  </file>
  <file path="/Users/mac/Work/kpmg/investment-management/src/__tests__/utils/test-util.test.tsx">
    <testCase name="renderWithProviders should render the UI with the Provider wrapper and the passed options" duration="6"/>
    <testCase name="renderWithProviders should return the store and the rendered UI" duration="13"/>
  </file>
  <file path="/Users/mac/Work/kpmg/investment-management/src/__tests__/utils/getPercentage.test.tsx">
    <testCase name="getPercentage should return the correct percentage when total and success are positive integers" duration="2"/>
    <testCase name="getPercentage should return 100 when success is equal to total" duration="1"/>
    <testCase name="getPercentage should return 0 when success is equal to 0" duration="1"/>
    <testCase name="getPercentage should return the correct percentage when success is less than total" duration="1"/>
  </file>
  <file path="/Users/mac/Work/kpmg/investment-management/src/__tests__/utils/lowerObjectKeys.test.tsx">
    <testCase name="lowerObjectKeys should return an empty array when given an empty array" duration="2"/>
    <testCase name="lowerObjectKeys should return an array of objects with lowerd keys when given an array of objects with lowercase keys" duration="1"/>
    <testCase name="lowerObjectKeys should throw an error when given a non-array input" duration="4"/>
    <testCase name="lowerObjectKeys should return an array of objects with lowerd keys when given an array of objects with mixed case keys" duration="1"/>
    <testCase name="lowerObjectKeys should return an array of objects with lowerd keys when given an array of objects with only one key" duration="24"/>
    <testCase name="lowerObjectKeys should return an array of objects with lowerd keys when given an array of objects with only non-string keys" duration="1"/>
    <testCase name="lowerObjectKeys should handle objects without own properties" duration="2"/>
  </file>
  <file path="/Users/mac/Work/kpmg/investment-management/src/__tests__/components/MultiRangeSlider.test.tsx">
    <testCase name="Slider renders without crashing" duration="6"/>
    <testCase name="Slider matches snapshot" duration="3"/>
  </file>
  <file path="/Users/mac/Work/kpmg/investment-management/src/__tests__/utils/removeNullFromObj.test.tsx">
    <testCase name="removeNullEmptyKeys should return an empty object when the input object is empty" duration="5"/>
    <testCase name="removeNullEmptyKeys should return the same object when it has no null, undefined, empty string, or empty array values" duration="1"/>
  </file>
  <file path="/Users/mac/Work/kpmg/investment-management/src/__tests__/utils/countDuplicates.test.tsx">
    <testCase name="countDuplicates should return 0 when there are no duplicates in the array" duration="2"/>
    <testCase name="countDuplicates should return the correct number of duplicates when there are duplicates in the array" duration="1"/>
    <testCase name="countDuplicates should handle arrays with multiple types of elements" duration="0"/>
    <testCase name="countDuplicates should return 0 when the array is empty" duration="1"/>
    <testCase name="countDuplicates should handle arrays with only one element" duration="1"/>
    <testCase name="countDuplicates should handle arrays with only duplicate elements" duration="1"/>
  </file>
  <file path="/Users/mac/Work/kpmg/investment-management/src/__tests__/root.component.test.tsx">
    <testCase name="Root component should be in the document" duration="7"/>
  </file>
  <file path="/Users/mac/Work/kpmg/investment-management/src/__tests__/components/FormStepComponent.test.tsx">
  </file>
  <file path="/Users/mac/Work/kpmg/investment-management/src/__tests__/utils/requestType.test.tsx">
    <testCase name="getRequestType should return &quot;bulk creation&quot; when type is &quot;BULK_CREATE&quot;" duration="3"/>
    <testCase name="getRequestType should return &quot;creation&quot; when type is &quot;CREATE&quot;" duration="1"/>
    <testCase name="getRequestType should return &quot;deactivation&quot; when type is &quot;DEACTIVATE&quot;" duration="1"/>
    <testCase name="getRequestType should return &quot;reactivation&quot; when type is &quot;REACTIVATE&quot;" duration="2"/>
    <testCase name="getRequestType should return &quot;modification&quot; when type is &quot;CHANGE&quot;" duration="1"/>
    <testCase name="getRequestType should return &quot;configuration&quot; when type is &quot;CONFIGURATION&quot;" duration="1"/>
  </file>
  <file path="/Users/mac/Work/kpmg/investment-management/src/__tests__/modals/Confirm.test.tsx">
  </file>
</testExecutions>